{"/Users/srithanshmundlapudi/charultima-biochar-app/backend/server.js": {"path":"/Users/srithanshmundlapudi/charultima-biochar-app/backend/server.js","statementMap":{"0":{"start":{"line":1,"column":16},"end":{"line":1,"column":34}},"1":{"start":{"line":2,"column":13},"end":{"line":2,"column":28}},"2":{"start":{"line":3,"column":15},"end":{"line":3,"column":32}},"3":{"start":{"line":4,"column":15},"end":{"line":4,"column":32}},"4":{"start":{"line":5,"column":21},"end":{"line":5,"column":45}},"5":{"start":{"line":6,"column":18},"end":{"line":6,"column":47}},"6":{"start":{"line":7,"column":18},"end":{"line":7,"column":47}},"7":{"start":{"line":8,"column":20},"end":{"line":8,"column":40}},"8":{"start":{"line":10,"column":0},"end":{"line":10,"column":16}},"9":{"start":{"line":12,"column":13},"end":{"line":12,"column":33}},"10":{"start":{"line":13,"column":19},"end":{"line":13,"column":44}},"11":{"start":{"line":14,"column":23},"end":{"line":14,"column":51}},"12":{"start":{"line":15,"column":49},"end":{"line":15,"column":83}},"13":{"start":{"line":17,"column":12},"end":{"line":17,"column":21}},"14":{"start":{"line":20,"column":0},"end":{"line":20,"column":16}},"15":{"start":{"line":21,"column":0},"end":{"line":21,"column":24}},"16":{"start":{"line":22,"column":0},"end":{"line":22,"column":28}},"17":{"start":{"line":25,"column":0},"end":{"line":29,"column":2}},"18":{"start":{"line":27,"column":4},"end":{"line":27,"column":79}},"19":{"start":{"line":34,"column":16},"end":{"line":40,"column":2}},"20":{"start":{"line":42,"column":0},"end":{"line":42,"column":26}},"21":{"start":{"line":47,"column":0},"end":{"line":47,"column":68}},"22":{"start":{"line":48,"column":0},"end":{"line":51,"column":3}},"23":{"start":{"line":49,"column":2},"end":{"line":49,"column":52}},"24":{"start":{"line":50,"column":2},"end":{"line":50,"column":24}},"25":{"start":{"line":56,"column":0},"end":{"line":63,"column":3}},"26":{"start":{"line":57,"column":2},"end":{"line":62,"column":3}},"27":{"start":{"line":58,"column":19},"end":{"line":58,"column":51}},"28":{"start":{"line":59,"column":4},"end":{"line":59,"column":57}},"29":{"start":{"line":61,"column":4},"end":{"line":61,"column":49}},"30":{"start":{"line":68,"column":0},"end":{"line":89,"column":3}},"31":{"start":{"line":69,"column":29},"end":{"line":69,"column":37}},"32":{"start":{"line":71,"column":2},"end":{"line":73,"column":3}},"33":{"start":{"line":72,"column":4},"end":{"line":72,"column":77}},"34":{"start":{"line":75,"column":2},"end":{"line":88,"column":3}},"35":{"start":{"line":76,"column":17},"end":{"line":76,"column":87}},"36":{"start":{"line":78,"column":4},"end":{"line":83,"column":5}},"37":{"start":{"line":79,"column":6},"end":{"line":82,"column":9}},"38":{"start":{"line":85,"column":4},"end":{"line":85,"column":29}},"39":{"start":{"line":87,"column":4},"end":{"line":87,"column":49}},"40":{"start":{"line":94,"column":0},"end":{"line":94,"column":34}},"41":{"start":{"line":99,"column":0},"end":{"line":99,"column":41}},"42":{"start":{"line":104,"column":0},"end":{"line":115,"column":3}},"43":{"start":{"line":105,"column":2},"end":{"line":114,"column":3}},"44":{"start":{"line":106,"column":20},"end":{"line":106,"column":32}},"45":{"start":{"line":107,"column":4},"end":{"line":107,"column":17}},"46":{"start":{"line":108,"column":4},"end":{"line":111,"column":7}},"47":{"start":{"line":113,"column":4},"end":{"line":113,"column":49}},"48":{"start":{"line":120,"column":0},"end":{"line":176,"column":3}},"49":{"start":{"line":121,"column":2},"end":{"line":123,"column":3}},"50":{"start":{"line":122,"column":4},"end":{"line":122,"column":75}},"51":{"start":{"line":125,"column":2},"end":{"line":175,"column":3}},"52":{"start":{"line":126,"column":4},"end":{"line":133,"column":7}},"53":{"start":{"line":135,"column":4},"end":{"line":145,"column":7}},"54":{"start":{"line":147,"column":4},"end":{"line":162,"column":7}},"55":{"start":{"line":164,"column":4},"end":{"line":170,"column":7}},"56":{"start":{"line":172,"column":4},"end":{"line":172,"column":69}},"57":{"start":{"line":174,"column":4},"end":{"line":174,"column":49}},"58":{"start":{"line":181,"column":0},"end":{"line":184,"column":3}},"59":{"start":{"line":182,"column":2},"end":{"line":182,"column":27}},"60":{"start":{"line":183,"column":2},"end":{"line":183,"column":74}},"61":{"start":{"line":189,"column":13},"end":{"line":189,"column":37}},"62":{"start":{"line":191,"column":0},"end":{"line":209,"column":1}},"63":{"start":{"line":192,"column":22},"end":{"line":206,"column":3}},"64":{"start":{"line":193,"column":4},"end":{"line":193,"column":25}},"65":{"start":{"line":195,"column":4},"end":{"line":200,"column":7}},"66":{"start":{"line":196,"column":6},"end":{"line":196,"column":55}},"67":{"start":{"line":197,"column":6},"end":{"line":197,"column":75}},"68":{"start":{"line":198,"column":6},"end":{"line":198,"column":58}},"69":{"start":{"line":199,"column":6},"end":{"line":199,"column":60}},"70":{"start":{"line":203,"column":4},"end":{"line":205,"column":22}},"71":{"start":{"line":204,"column":6},"end":{"line":204,"column":19}},"72":{"start":{"line":208,"column":2},"end":{"line":208,"column":16}},"73":{"start":{"line":211,"column":0},"end":{"line":211,"column":21}}},"fnMap":{"0":{"name":"(anonymous_0)","decl":{"start":{"line":26,"column":15},"end":{"line":26,"column":16}},"loc":{"start":{"line":26,"column":35},"end":{"line":28,"column":3}},"line":26},"1":{"name":"(anonymous_1)","decl":{"start":{"line":48,"column":26},"end":{"line":48,"column":27}},"loc":{"start":{"line":48,"column":40},"end":{"line":51,"column":1}},"line":48},"2":{"name":"(anonymous_2)","decl":{"start":{"line":56,"column":23},"end":{"line":56,"column":24}},"loc":{"start":{"line":56,"column":43},"end":{"line":63,"column":1}},"line":56},"3":{"name":"(anonymous_3)","decl":{"start":{"line":68,"column":23},"end":{"line":68,"column":24}},"loc":{"start":{"line":68,"column":43},"end":{"line":89,"column":1}},"line":68},"4":{"name":"(anonymous_4)","decl":{"start":{"line":104,"column":24},"end":{"line":104,"column":25}},"loc":{"start":{"line":104,"column":44},"end":{"line":115,"column":1}},"line":104},"5":{"name":"(anonymous_5)","decl":{"start":{"line":120,"column":22},"end":{"line":120,"column":23}},"loc":{"start":{"line":120,"column":42},"end":{"line":176,"column":1}},"line":120},"6":{"name":"(anonymous_6)","decl":{"start":{"line":181,"column":8},"end":{"line":181,"column":9}},"loc":{"start":{"line":181,"column":33},"end":{"line":184,"column":1}},"line":181},"7":{"name":"(anonymous_7)","decl":{"start":{"line":192,"column":22},"end":{"line":192,"column":23}},"loc":{"start":{"line":192,"column":34},"end":{"line":206,"column":3}},"line":192},"8":{"name":"(anonymous_8)","decl":{"start":{"line":195,"column":21},"end":{"line":195,"column":22}},"loc":{"start":{"line":195,"column":27},"end":{"line":200,"column":5}},"line":195},"9":{"name":"(anonymous_9)","decl":{"start":{"line":203,"column":16},"end":{"line":203,"column":17}},"loc":{"start":{"line":203,"column":22},"end":{"line":205,"column":5}},"line":203}},"branchMap":{"0":{"loc":{"start":{"line":36,"column":7},"end":{"line":36,"column":55}},"type":"cond-expr","locations":[{"start":{"line":36,"column":42},"end":{"line":36,"column":49}},{"start":{"line":36,"column":52},"end":{"line":36,"column":55}}],"line":36},"1":{"loc":{"start":{"line":71,"column":2},"end":{"line":73,"column":3}},"type":"if","locations":[{"start":{"line":71,"column":2},"end":{"line":73,"column":3}},{"start":{},"end":{}}],"line":71},"2":{"loc":{"start":{"line":71,"column":6},"end":{"line":71,"column":24}},"type":"binary-expr","locations":[{"start":{"line":71,"column":6},"end":{"line":71,"column":14}},{"start":{"line":71,"column":18},"end":{"line":71,"column":24}}],"line":71},"3":{"loc":{"start":{"line":78,"column":4},"end":{"line":83,"column":5}},"type":"if","locations":[{"start":{"line":78,"column":4},"end":{"line":83,"column":5}},{"start":{},"end":{}}],"line":78},"4":{"loc":{"start":{"line":121,"column":2},"end":{"line":123,"column":3}},"type":"if","locations":[{"start":{"line":121,"column":2},"end":{"line":123,"column":3}},{"start":{},"end":{}}],"line":121},"5":{"loc":{"start":{"line":183,"column":32},"end":{"line":183,"column":70}},"type":"binary-expr","locations":[{"start":{"line":183,"column":32},"end":{"line":183,"column":43}},{"start":{"line":183,"column":47},"end":{"line":183,"column":70}}],"line":183},"6":{"loc":{"start":{"line":189,"column":13},"end":{"line":189,"column":37}},"type":"binary-expr","locations":[{"start":{"line":189,"column":13},"end":{"line":189,"column":29}},{"start":{"line":189,"column":33},"end":{"line":189,"column":37}}],"line":189},"7":{"loc":{"start":{"line":191,"column":0},"end":{"line":209,"column":1}},"type":"if","locations":[{"start":{"line":191,"column":0},"end":{"line":209,"column":1}},{"start":{},"end":{}}],"line":191},"8":{"loc":{"start":{"line":197,"column":34},"end":{"line":197,"column":71}},"type":"binary-expr","locations":[{"start":{"line":197,"column":34},"end":{"line":197,"column":54}},{"start":{"line":197,"column":58},"end":{"line":197,"column":71}}],"line":197}},"s":{"0":2,"1":2,"2":2,"3":2,"4":2,"5":2,"6":2,"7":2,"8":2,"9":2,"10":2,"11":2,"12":2,"13":2,"14":2,"15":2,"16":2,"17":2,"18":16,"19":2,"20":2,"21":2,"22":2,"23":0,"24":0,"25":2,"26":1,"27":1,"28":1,"29":0,"30":2,"31":0,"32":0,"33":0,"34":0,"35":0,"36":0,"37":0,"38":0,"39":0,"40":2,"41":2,"42":2,"43":0,"44":0,"45":0,"46":0,"47":0,"48":2,"49":0,"50":0,"51":0,"52":0,"53":0,"54":0,"55":0,"56":0,"57":0,"58":2,"59":0,"60":0,"61":2,"62":2,"63":0,"64":0,"65":0,"66":0,"67":0,"68":0,"69":0,"70":0,"71":0,"72":0,"73":2},"f":{"0":16,"1":0,"2":1,"3":0,"4":0,"5":0,"6":0,"7":0,"8":0,"9":0},"b":{"0":[0,2],"1":[0,0],"2":[0,0],"3":[0,0],"4":[0,0],"5":[0,0],"6":[2,0],"7":[0,2],"8":[0,0]},"_coverageSchema":"1a1c01bbd47fc00a2c39e90264f33305004495a9","hash":"6049b3ad810a0af9083902875d45fc626ec1c93f"}
,"/Users/srithanshmundlapudi/charultima-biochar-app/backend/swagger.js": {"path":"/Users/srithanshmundlapudi/charultima-biochar-app/backend/swagger.js","statementMap":{"0":{"start":{"line":1,"column":21},"end":{"line":1,"column":45}},"1":{"start":{"line":3,"column":16},"end":{"line":85,"column":1}},"2":{"start":{"line":87,"column":0},"end":{"line":87,"column":39}}},"fnMap":{},"branchMap":{},"s":{"0":2,"1":2,"2":2},"f":{},"b":{},"_coverageSchema":"1a1c01bbd47fc00a2c39e90264f33305004495a9","hash":"33f4ba6c58353b4ed54ac9538b55bd60063a3219"}
,"/Users/srithanshmundlapudi/charultima-biochar-app/backend/controllers/analysisController.js": {"path":"/Users/srithanshmundlapudi/charultima-biochar-app/backend/controllers/analysisController.js","statementMap":{"0":{"start":{"line":1,"column":24},"end":{"line":1,"column":62}},"1":{"start":{"line":2,"column":46},"end":{"line":2,"column":81}},"2":{"start":{"line":4,"column":18},"end":{"line":4,"column":21}},"3":{"start":{"line":7,"column":24},"end":{"line":9,"column":1}},"4":{"start":{"line":8,"column":2},"end":{"line":8,"column":65}},"5":{"start":{"line":12,"column":28},"end":{"line":16,"column":1}},"6":{"start":{"line":13,"column":2},"end":{"line":13,"column":46}},"7":{"start":{"line":14,"column":2},"end":{"line":14,"column":43}},"8":{"start":{"line":15,"column":2},"end":{"line":15,"column":44}},"9":{"start":{"line":18,"column":23},"end":{"line":55,"column":1}},"10":{"start":{"line":29,"column":6},"end":{"line":29,"column":14}},"11":{"start":{"line":30,"column":17},"end":{"line":30,"column":27}},"12":{"start":{"line":32,"column":2},"end":{"line":34,"column":3}},"13":{"start":{"line":33,"column":4},"end":{"line":33,"column":101}},"14":{"start":{"line":36,"column":2},"end":{"line":54,"column":3}},"15":{"start":{"line":37,"column":21},"end":{"line":46,"column":6}},"16":{"start":{"line":49,"column":4},"end":{"line":49,"column":38}},"17":{"start":{"line":51,"column":4},"end":{"line":51,"column":35}},"18":{"start":{"line":53,"column":4},"end":{"line":53,"column":49}},"19":{"start":{"line":57,"column":20},"end":{"line":80,"column":1}},"20":{"start":{"line":58,"column":17},"end":{"line":58,"column":27}},"21":{"start":{"line":59,"column":54},"end":{"line":59,"column":63}},"22":{"start":{"line":61,"column":2},"end":{"line":79,"column":3}},"23":{"start":{"line":62,"column":18},"end":{"line":62,"column":28}},"24":{"start":{"line":63,"column":21},"end":{"line":63,"column":64}},"25":{"start":{"line":64,"column":19},"end":{"line":64,"column":43}},"26":{"start":{"line":66,"column":4},"end":{"line":68,"column":5}},"27":{"start":{"line":67,"column":6},"end":{"line":67,"column":30}},"28":{"start":{"line":70,"column":21},"end":{"line":70,"column":99}},"29":{"start":{"line":72,"column":4},"end":{"line":74,"column":5}},"30":{"start":{"line":73,"column":6},"end":{"line":73,"column":52}},"31":{"start":{"line":76,"column":4},"end":{"line":76,"column":23}},"32":{"start":{"line":78,"column":4},"end":{"line":78,"column":49}},"33":{"start":{"line":82,"column":26},"end":{"line":103,"column":1}},"34":{"start":{"line":83,"column":17},"end":{"line":83,"column":27}},"35":{"start":{"line":84,"column":21},"end":{"line":84,"column":30}},"36":{"start":{"line":86,"column":2},"end":{"line":102,"column":3}},"37":{"start":{"line":87,"column":18},"end":{"line":87,"column":28}},"38":{"start":{"line":88,"column":21},"end":{"line":88,"column":61}},"39":{"start":{"line":89,"column":19},"end":{"line":89,"column":43}},"40":{"start":{"line":91,"column":4},"end":{"line":93,"column":5}},"41":{"start":{"line":92,"column":6},"end":{"line":92,"column":30}},"42":{"start":{"line":95,"column":18},"end":{"line":95,"column":73}},"43":{"start":{"line":97,"column":4},"end":{"line":97,"column":47}},"44":{"start":{"line":99,"column":4},"end":{"line":99,"column":20}},"45":{"start":{"line":101,"column":4},"end":{"line":101,"column":49}},"46":{"start":{"line":105,"column":18},"end":{"line":127,"column":1}},"47":{"start":{"line":106,"column":17},"end":{"line":106,"column":27}},"48":{"start":{"line":107,"column":27},"end":{"line":107,"column":36}},"49":{"start":{"line":108,"column":18},"end":{"line":108,"column":48}},"50":{"start":{"line":110,"column":2},"end":{"line":126,"column":3}},"51":{"start":{"line":111,"column":18},"end":{"line":111,"column":28}},"52":{"start":{"line":112,"column":21},"end":{"line":112,"column":73}},"53":{"start":{"line":113,"column":19},"end":{"line":113,"column":43}},"54":{"start":{"line":115,"column":4},"end":{"line":117,"column":5}},"55":{"start":{"line":116,"column":6},"end":{"line":116,"column":30}},"56":{"start":{"line":119,"column":19},"end":{"line":119,"column":83}},"57":{"start":{"line":121,"column":4},"end":{"line":121,"column":48}},"58":{"start":{"line":123,"column":4},"end":{"line":123,"column":21}},"59":{"start":{"line":125,"column":4},"end":{"line":125,"column":49}},"60":{"start":{"line":129,"column":23},"end":{"line":154,"column":1}},"61":{"start":{"line":130,"column":17},"end":{"line":130,"column":27}},"62":{"start":{"line":131,"column":17},"end":{"line":131,"column":27}},"63":{"start":{"line":132,"column":79},"end":{"line":132,"column":87}},"64":{"start":{"line":134,"column":2},"end":{"line":153,"column":3}},"65":{"start":{"line":135,"column":20},"end":{"line":141,"column":6}},"66":{"start":{"line":143,"column":4},"end":{"line":145,"column":5}},"67":{"start":{"line":144,"column":6},"end":{"line":144,"column":67}},"68":{"start":{"line":148,"column":4},"end":{"line":148,"column":38}},"69":{"start":{"line":150,"column":4},"end":{"line":150,"column":22}},"70":{"start":{"line":152,"column":4},"end":{"line":152,"column":49}},"71":{"start":{"line":156,"column":23},"end":{"line":173,"column":1}},"72":{"start":{"line":157,"column":17},"end":{"line":157,"column":27}},"73":{"start":{"line":158,"column":17},"end":{"line":158,"column":27}},"74":{"start":{"line":160,"column":2},"end":{"line":172,"column":3}},"75":{"start":{"line":161,"column":20},"end":{"line":161,"column":68}},"76":{"start":{"line":162,"column":4},"end":{"line":164,"column":5}},"77":{"start":{"line":163,"column":6},"end":{"line":163,"column":67}},"78":{"start":{"line":167,"column":4},"end":{"line":167,"column":38}},"79":{"start":{"line":169,"column":4},"end":{"line":169,"column":59}},"80":{"start":{"line":171,"column":4},"end":{"line":171,"column":49}},"81":{"start":{"line":175,"column":31},"end":{"line":197,"column":1}},"82":{"start":{"line":176,"column":17},"end":{"line":176,"column":27}},"83":{"start":{"line":177,"column":32},"end":{"line":177,"column":41}},"84":{"start":{"line":178,"column":18},"end":{"line":178,"column":36}},"85":{"start":{"line":180,"column":2},"end":{"line":196,"column":3}},"86":{"start":{"line":181,"column":18},"end":{"line":181,"column":28}},"87":{"start":{"line":182,"column":21},"end":{"line":182,"column":77}},"88":{"start":{"line":183,"column":19},"end":{"line":183,"column":43}},"89":{"start":{"line":185,"column":4},"end":{"line":187,"column":5}},"90":{"start":{"line":186,"column":6},"end":{"line":186,"column":30}},"91":{"start":{"line":189,"column":22},"end":{"line":189,"column":91}},"92":{"start":{"line":191,"column":4},"end":{"line":191,"column":51}},"93":{"start":{"line":193,"column":4},"end":{"line":193,"column":24}},"94":{"start":{"line":195,"column":4},"end":{"line":195,"column":49}},"95":{"start":{"line":199,"column":25},"end":{"line":223,"column":1}},"96":{"start":{"line":200,"column":72},"end":{"line":200,"column":80}},"97":{"start":{"line":202,"column":2},"end":{"line":204,"column":3}},"98":{"start":{"line":203,"column":4},"end":{"line":203,"column":70}},"99":{"start":{"line":206,"column":2},"end":{"line":208,"column":3}},"100":{"start":{"line":207,"column":4},"end":{"line":207,"column":79}},"101":{"start":{"line":210,"column":2},"end":{"line":212,"column":3}},"102":{"start":{"line":211,"column":4},"end":{"line":211,"column":96}},"103":{"start":{"line":214,"column":19},"end":{"line":214,"column":41}},"104":{"start":{"line":215,"column":30},"end":{"line":215,"column":94}},"105":{"start":{"line":216,"column":26},"end":{"line":220,"column":3}},"106":{"start":{"line":222,"column":2},"end":{"line":222,"column":63}},"107":{"start":{"line":225,"column":0},"end":{"line":234,"column":2}}},"fnMap":{"0":{"name":"(anonymous_0)","decl":{"start":{"line":7,"column":24},"end":{"line":7,"column":25}},"loc":{"start":{"line":7,"column":59},"end":{"line":9,"column":1}},"line":7},"1":{"name":"(anonymous_1)","decl":{"start":{"line":12,"column":28},"end":{"line":12,"column":29}},"loc":{"start":{"line":12,"column":46},"end":{"line":16,"column":1}},"line":12},"2":{"name":"(anonymous_2)","decl":{"start":{"line":18,"column":23},"end":{"line":18,"column":24}},"loc":{"start":{"line":18,"column":43},"end":{"line":55,"column":1}},"line":18},"3":{"name":"(anonymous_3)","decl":{"start":{"line":57,"column":20},"end":{"line":57,"column":21}},"loc":{"start":{"line":57,"column":40},"end":{"line":80,"column":1}},"line":57},"4":{"name":"(anonymous_4)","decl":{"start":{"line":82,"column":26},"end":{"line":82,"column":27}},"loc":{"start":{"line":82,"column":46},"end":{"line":103,"column":1}},"line":82},"5":{"name":"(anonymous_5)","decl":{"start":{"line":105,"column":18},"end":{"line":105,"column":19}},"loc":{"start":{"line":105,"column":38},"end":{"line":127,"column":1}},"line":105},"6":{"name":"(anonymous_6)","decl":{"start":{"line":129,"column":23},"end":{"line":129,"column":24}},"loc":{"start":{"line":129,"column":43},"end":{"line":154,"column":1}},"line":129},"7":{"name":"(anonymous_7)","decl":{"start":{"line":156,"column":23},"end":{"line":156,"column":24}},"loc":{"start":{"line":156,"column":43},"end":{"line":173,"column":1}},"line":156},"8":{"name":"(anonymous_8)","decl":{"start":{"line":175,"column":31},"end":{"line":175,"column":32}},"loc":{"start":{"line":175,"column":51},"end":{"line":197,"column":1}},"line":175},"9":{"name":"(anonymous_9)","decl":{"start":{"line":199,"column":25},"end":{"line":199,"column":26}},"loc":{"start":{"line":199,"column":45},"end":{"line":223,"column":1}},"line":199}},"branchMap":{"0":{"loc":{"start":{"line":7,"column":41},"end":{"line":7,"column":54}},"type":"default-arg","locations":[{"start":{"line":7,"column":50},"end":{"line":7,"column":54}}],"line":7},"1":{"loc":{"start":{"line":8,"column":31},"end":{"line":8,"column":62}},"type":"cond-expr","locations":[{"start":{"line":8,"column":40},"end":{"line":8,"column":57}},{"start":{"line":8,"column":60},"end":{"line":8,"column":62}}],"line":8},"2":{"loc":{"start":{"line":32,"column":2},"end":{"line":34,"column":3}},"type":"if","locations":[{"start":{"line":32,"column":2},"end":{"line":34,"column":3}},{"start":{},"end":{}}],"line":32},"3":{"loc":{"start":{"line":32,"column":6},"end":{"line":32,"column":63}},"type":"binary-expr","locations":[{"start":{"line":32,"column":6},"end":{"line":32,"column":13}},{"start":{"line":32,"column":17},"end":{"line":32,"column":44}},{"start":{"line":32,"column":48},"end":{"line":32,"column":63}}],"line":32},"4":{"loc":{"start":{"line":59,"column":18},"end":{"line":59,"column":29}},"type":"default-arg","locations":[{"start":{"line":59,"column":26},"end":{"line":59,"column":29}}],"line":59},"5":{"loc":{"start":{"line":59,"column":31},"end":{"line":59,"column":41}},"type":"default-arg","locations":[{"start":{"line":59,"column":40},"end":{"line":59,"column":41}}],"line":59},"6":{"loc":{"start":{"line":66,"column":4},"end":{"line":68,"column":5}},"type":"if","locations":[{"start":{"line":66,"column":4},"end":{"line":68,"column":5}},{"start":{},"end":{}}],"line":66},"7":{"loc":{"start":{"line":72,"column":4},"end":{"line":74,"column":5}},"type":"if","locations":[{"start":{"line":72,"column":4},"end":{"line":74,"column":5}},{"start":{},"end":{}}],"line":72},"8":{"loc":{"start":{"line":72,"column":8},"end":{"line":72,"column":39}},"type":"binary-expr","locations":[{"start":{"line":72,"column":8},"end":{"line":72,"column":16}},{"start":{"line":72,"column":20},"end":{"line":72,"column":39}}],"line":72},"9":{"loc":{"start":{"line":91,"column":4},"end":{"line":93,"column":5}},"type":"if","locations":[{"start":{"line":91,"column":4},"end":{"line":93,"column":5}},{"start":{},"end":{}}],"line":91},"10":{"loc":{"start":{"line":108,"column":18},"end":{"line":108,"column":48}},"type":"cond-expr","locations":[{"start":{"line":108,"column":25},"end":{"line":108,"column":43}},{"start":{"line":108,"column":46},"end":{"line":108,"column":48}}],"line":108},"11":{"loc":{"start":{"line":115,"column":4},"end":{"line":117,"column":5}},"type":"if","locations":[{"start":{"line":115,"column":4},"end":{"line":117,"column":5}},{"start":{},"end":{}}],"line":115},"12":{"loc":{"start":{"line":143,"column":4},"end":{"line":145,"column":5}},"type":"if","locations":[{"start":{"line":143,"column":4},"end":{"line":145,"column":5}},{"start":{},"end":{}}],"line":143},"13":{"loc":{"start":{"line":162,"column":4},"end":{"line":164,"column":5}},"type":"if","locations":[{"start":{"line":162,"column":4},"end":{"line":164,"column":5}},{"start":{},"end":{}}],"line":162},"14":{"loc":{"start":{"line":177,"column":18},"end":{"line":177,"column":27}},"type":"default-arg","locations":[{"start":{"line":177,"column":25},"end":{"line":177,"column":27}}],"line":177},"15":{"loc":{"start":{"line":185,"column":4},"end":{"line":187,"column":5}},"type":"if","locations":[{"start":{"line":185,"column":4},"end":{"line":187,"column":5}},{"start":{},"end":{}}],"line":185},"16":{"loc":{"start":{"line":202,"column":2},"end":{"line":204,"column":3}},"type":"if","locations":[{"start":{"line":202,"column":2},"end":{"line":204,"column":3}},{"start":{},"end":{}}],"line":202},"17":{"loc":{"start":{"line":202,"column":6},"end":{"line":202,"column":76}},"type":"binary-expr","locations":[{"start":{"line":202,"column":6},"end":{"line":202,"column":21}},{"start":{"line":202,"column":25},"end":{"line":202,"column":34}},{"start":{"line":202,"column":38},"end":{"line":202,"column":47}},{"start":{"line":202,"column":51},"end":{"line":202,"column":62}},{"start":{"line":202,"column":66},"end":{"line":202,"column":76}}],"line":202},"18":{"loc":{"start":{"line":206,"column":2},"end":{"line":208,"column":3}},"type":"if","locations":[{"start":{"line":206,"column":2},"end":{"line":208,"column":3}},{"start":{},"end":{}}],"line":206},"19":{"loc":{"start":{"line":206,"column":6},"end":{"line":206,"column":73}},"type":"binary-expr","locations":[{"start":{"line":206,"column":6},"end":{"line":206,"column":40}},{"start":{"line":206,"column":44},"end":{"line":206,"column":73}}],"line":206},"20":{"loc":{"start":{"line":210,"column":2},"end":{"line":212,"column":3}},"type":"if","locations":[{"start":{"line":210,"column":2},"end":{"line":212,"column":3}},{"start":{},"end":{}}],"line":210},"21":{"loc":{"start":{"line":210,"column":6},"end":{"line":210,"column":39}},"type":"binary-expr","locations":[{"start":{"line":210,"column":6},"end":{"line":210,"column":21}},{"start":{"line":210,"column":25},"end":{"line":210,"column":39}}],"line":210}},"s":{"0":2,"1":2,"2":2,"3":2,"4":2,"5":2,"6":0,"7":0,"8":0,"9":2,"10":1,"11":1,"12":1,"13":1,"14":0,"15":0,"16":0,"17":0,"18":0,"19":2,"20":0,"21":0,"22":0,"23":0,"24":0,"25":0,"26":0,"27":0,"28":0,"29":0,"30":0,"31":0,"32":0,"33":2,"34":1,"35":1,"36":1,"37":1,"38":1,"39":1,"40":1,"41":0,"42":1,"43":0,"44":0,"45":1,"46":2,"47":1,"48":1,"49":1,"50":1,"51":1,"52":1,"53":1,"54":1,"55":0,"56":1,"57":0,"58":0,"59":1,"60":2,"61":0,"62":0,"63":0,"64":0,"65":0,"66":0,"67":0,"68":0,"69":0,"70":0,"71":2,"72":0,"73":0,"74":0,"75":0,"76":0,"77":0,"78":0,"79":0,"80":0,"81":2,"82":0,"83":0,"84":0,"85":0,"86":0,"87":0,"88":0,"89":0,"90":0,"91":0,"92":0,"93":0,"94":0,"95":2,"96":5,"97":5,"98":1,"99":4,"100":1,"101":3,"102":1,"103":2,"104":2,"105":2,"106":2,"107":2},"f":{"0":2,"1":0,"2":1,"3":0,"4":1,"5":1,"6":0,"7":0,"8":0,"9":5},"b":{"0":[2],"1":[0,2],"2":[1,0],"3":[1,0,0],"4":[0],"5":[0],"6":[0,0],"7":[0,0],"8":[0,0],"9":[0,1],"10":[0,1],"11":[0,1],"12":[0,0],"13":[0,0],"14":[0],"15":[0,0],"16":[1,4],"17":[5,4,4,4,4],"18":[1,3],"19":[4,4],"20":[1,2],"21":[3,2]},"_coverageSchema":"1a1c01bbd47fc00a2c39e90264f33305004495a9","hash":"e0ee3a4ad6b28a9313184d21e700b0600ddea75c"}
,"/Users/srithanshmundlapudi/charultima-biochar-app/backend/controllers/farmController.js": {"path":"/Users/srithanshmundlapudi/charultima-biochar-app/backend/controllers/farmController.js","statementMap":{"0":{"start":{"line":1,"column":20},"end":{"line":1,"column":54}},"1":{"start":{"line":3,"column":19},"end":{"line":36,"column":1}},"2":{"start":{"line":4,"column":58},"end":{"line":4,"column":66}},"3":{"start":{"line":5,"column":17},"end":{"line":5,"column":27}},"4":{"start":{"line":8,"column":2},"end":{"line":12,"column":3}},"5":{"start":{"line":9,"column":4},"end":{"line":11,"column":87}},"6":{"start":{"line":14,"column":2},"end":{"line":16,"column":3}},"7":{"start":{"line":15,"column":4},"end":{"line":15,"column":85}},"8":{"start":{"line":18,"column":2},"end":{"line":20,"column":3}},"9":{"start":{"line":19,"column":4},"end":{"line":19,"column":66}},"10":{"start":{"line":22,"column":2},"end":{"line":35,"column":3}},"11":{"start":{"line":23,"column":17},"end":{"line":28,"column":6}},"12":{"start":{"line":29,"column":4},"end":{"line":29,"column":31}},"13":{"start":{"line":31,"column":4},"end":{"line":33,"column":5}},"14":{"start":{"line":32,"column":6},"end":{"line":32,"column":63}},"15":{"start":{"line":34,"column":4},"end":{"line":34,"column":49}},"16":{"start":{"line":38,"column":17},"end":{"line":50,"column":1}},"17":{"start":{"line":39,"column":17},"end":{"line":39,"column":27}},"18":{"start":{"line":41,"column":2},"end":{"line":49,"column":3}},"19":{"start":{"line":42,"column":18},"end":{"line":42,"column":58}},"20":{"start":{"line":43,"column":4},"end":{"line":43,"column":20}},"21":{"start":{"line":45,"column":4},"end":{"line":47,"column":5}},"22":{"start":{"line":46,"column":6},"end":{"line":46,"column":63}},"23":{"start":{"line":48,"column":4},"end":{"line":48,"column":49}},"24":{"start":{"line":52,"column":20},"end":{"line":68,"column":1}},"25":{"start":{"line":53,"column":17},"end":{"line":53,"column":27}},"26":{"start":{"line":54,"column":17},"end":{"line":54,"column":27}},"27":{"start":{"line":56,"column":2},"end":{"line":67,"column":3}},"28":{"start":{"line":57,"column":17},"end":{"line":57,"column":58}},"29":{"start":{"line":58,"column":4},"end":{"line":60,"column":5}},"30":{"start":{"line":59,"column":6},"end":{"line":59,"column":63}},"31":{"start":{"line":61,"column":4},"end":{"line":61,"column":19}},"32":{"start":{"line":63,"column":4},"end":{"line":65,"column":5}},"33":{"start":{"line":64,"column":6},"end":{"line":64,"column":63}},"34":{"start":{"line":66,"column":4},"end":{"line":66,"column":49}},"35":{"start":{"line":70,"column":0},"end":{"line":70,"column":55}}},"fnMap":{"0":{"name":"(anonymous_0)","decl":{"start":{"line":3,"column":19},"end":{"line":3,"column":20}},"loc":{"start":{"line":3,"column":39},"end":{"line":36,"column":1}},"line":3},"1":{"name":"(anonymous_1)","decl":{"start":{"line":38,"column":17},"end":{"line":38,"column":18}},"loc":{"start":{"line":38,"column":37},"end":{"line":50,"column":1}},"line":38},"2":{"name":"(anonymous_2)","decl":{"start":{"line":52,"column":20},"end":{"line":52,"column":21}},"loc":{"start":{"line":52,"column":40},"end":{"line":68,"column":1}},"line":52}},"branchMap":{"0":{"loc":{"start":{"line":8,"column":2},"end":{"line":12,"column":3}},"type":"if","locations":[{"start":{"line":8,"column":2},"end":{"line":12,"column":3}},{"start":{},"end":{}}],"line":8},"1":{"loc":{"start":{"line":8,"column":6},"end":{"line":8,"column":85}},"type":"binary-expr","locations":[{"start":{"line":8,"column":6},"end":{"line":8,"column":15}},{"start":{"line":8,"column":19},"end":{"line":8,"column":32}},{"start":{"line":8,"column":36},"end":{"line":8,"column":58}},{"start":{"line":8,"column":62},"end":{"line":8,"column":85}}],"line":8},"2":{"loc":{"start":{"line":14,"column":2},"end":{"line":16,"column":3}},"type":"if","locations":[{"start":{"line":14,"column":2},"end":{"line":16,"column":3}},{"start":{},"end":{}}],"line":14},"3":{"loc":{"start":{"line":14,"column":6},"end":{"line":14,"column":67}},"type":"binary-expr","locations":[{"start":{"line":14,"column":6},"end":{"line":14,"column":34}},{"start":{"line":14,"column":38},"end":{"line":14,"column":67}}],"line":14},"4":{"loc":{"start":{"line":18,"column":2},"end":{"line":20,"column":3}},"type":"if","locations":[{"start":{"line":18,"column":2},"end":{"line":20,"column":3}},{"start":{},"end":{}}],"line":18},"5":{"loc":{"start":{"line":18,"column":6},"end":{"line":18,"column":76}},"type":"binary-expr","locations":[{"start":{"line":18,"column":6},"end":{"line":18,"column":20}},{"start":{"line":18,"column":24},"end":{"line":18,"column":37}},{"start":{"line":18,"column":41},"end":{"line":18,"column":57}},{"start":{"line":18,"column":61},"end":{"line":18,"column":76}}],"line":18},"6":{"loc":{"start":{"line":31,"column":4},"end":{"line":33,"column":5}},"type":"if","locations":[{"start":{"line":31,"column":4},"end":{"line":33,"column":5}},{"start":{},"end":{}}],"line":31},"7":{"loc":{"start":{"line":45,"column":4},"end":{"line":47,"column":5}},"type":"if","locations":[{"start":{"line":45,"column":4},"end":{"line":47,"column":5}},{"start":{},"end":{}}],"line":45},"8":{"loc":{"start":{"line":58,"column":4},"end":{"line":60,"column":5}},"type":"if","locations":[{"start":{"line":58,"column":4},"end":{"line":60,"column":5}},{"start":{},"end":{}}],"line":58},"9":{"loc":{"start":{"line":63,"column":4},"end":{"line":65,"column":5}},"type":"if","locations":[{"start":{"line":63,"column":4},"end":{"line":65,"column":5}},{"start":{},"end":{}}],"line":63}},"s":{"0":2,"1":2,"2":3,"3":3,"4":3,"5":1,"6":2,"7":0,"8":2,"9":1,"10":1,"11":1,"12":1,"13":0,"14":0,"15":0,"16":2,"17":1,"18":1,"19":1,"20":1,"21":0,"22":0,"23":0,"24":2,"25":3,"26":3,"27":3,"28":3,"29":2,"30":1,"31":1,"32":1,"33":1,"34":0,"35":2},"f":{"0":3,"1":1,"2":3},"b":{"0":[1,2],"1":[3,3,2,2],"2":[0,2],"3":[2,2],"4":[1,1],"5":[2,2,1,1],"6":[0,0],"7":[0,0],"8":[1,1],"9":[1,0]},"_coverageSchema":"1a1c01bbd47fc00a2c39e90264f33305004495a9","hash":"e1def6aae25cff0b19e522aa089ccbc4c7f8237e"}
,"/Users/srithanshmundlapudi/charultima-biochar-app/backend/db/pool.js": {"path":"/Users/srithanshmundlapudi/charultima-biochar-app/backend/db/pool.js","statementMap":{"0":{"start":{"line":1,"column":17},"end":{"line":1,"column":30}},"1":{"start":{"line":3,"column":13},"end":{"line":5,"column":2}},"2":{"start":{"line":7,"column":0},"end":{"line":7,"column":22}}},"fnMap":{},"branchMap":{},"s":{"0":1,"1":1,"2":1},"f":{},"b":{},"_coverageSchema":"1a1c01bbd47fc00a2c39e90264f33305004495a9","hash":"228c6f729414e03c07ac307ff581cc02d9712d7d"}
,"/Users/srithanshmundlapudi/charultima-biochar-app/backend/routes/analyses.js": {"path":"/Users/srithanshmundlapudi/charultima-biochar-app/backend/routes/analyses.js","statementMap":{"0":{"start":{"line":1,"column":16},"end":{"line":1,"column":34}},"1":{"start":{"line":11,"column":4},"end":{"line":11,"column":48}},"2":{"start":{"line":12,"column":41},"end":{"line":12,"column":70}},"3":{"start":{"line":14,"column":15},"end":{"line":14,"column":31}},"4":{"start":{"line":68,"column":0},"end":{"line":68,"column":44}},"5":{"start":{"line":73,"column":0},"end":{"line":73,"column":21}},"6":{"start":{"line":74,"column":0},"end":{"line":77,"column":3}},"7":{"start":{"line":75,"column":2},"end":{"line":75,"column":39}},"8":{"start":{"line":76,"column":2},"end":{"line":76,"column":9}},"9":{"start":{"line":144,"column":0},"end":{"line":144,"column":33}},"10":{"start":{"line":145,"column":0},"end":{"line":145,"column":29}},"11":{"start":{"line":205,"column":0},"end":{"line":205,"column":35}},"12":{"start":{"line":206,"column":0},"end":{"line":206,"column":38}},"13":{"start":{"line":233,"column":0},"end":{"line":233,"column":33}},"14":{"start":{"line":254,"column":0},"end":{"line":254,"column":50}},"15":{"start":{"line":280,"column":0},"end":{"line":280,"column":60}},"16":{"start":{"line":282,"column":0},"end":{"line":282,"column":24}}},"fnMap":{"0":{"name":"(anonymous_0)","decl":{"start":{"line":74,"column":11},"end":{"line":74,"column":12}},"loc":{"start":{"line":74,"column":31},"end":{"line":77,"column":1}},"line":74}},"branchMap":{},"s":{"0":2,"1":2,"2":2,"3":2,"4":2,"5":2,"6":2,"7":3,"8":3,"9":2,"10":2,"11":2,"12":2,"13":2,"14":2,"15":2,"16":2},"f":{"0":3},"b":{},"_coverageSchema":"1a1c01bbd47fc00a2c39e90264f33305004495a9","hash":"e1a678b831094ce0c5b0a2fc182beec6594ad5b6"}
,"/Users/srithanshmundlapudi/charultima-biochar-app/backend/routes/farms.js": {"path":"/Users/srithanshmundlapudi/charultima-biochar-app/backend/routes/farms.js","statementMap":{"0":{"start":{"line":1,"column":16},"end":{"line":1,"column":34}},"1":{"start":{"line":2,"column":46},"end":{"line":2,"column":86}},"2":{"start":{"line":3,"column":41},"end":{"line":3,"column":70}},"3":{"start":{"line":5,"column":15},"end":{"line":5,"column":31}},"4":{"start":{"line":14,"column":0},"end":{"line":14,"column":21}},"5":{"start":{"line":15,"column":0},"end":{"line":18,"column":3}},"6":{"start":{"line":16,"column":2},"end":{"line":16,"column":39}},"7":{"start":{"line":17,"column":2},"end":{"line":17,"column":9}},"8":{"start":{"line":54,"column":0},"end":{"line":54,"column":29}},"9":{"start":{"line":80,"column":0},"end":{"line":80,"column":26}},"10":{"start":{"line":117,"column":0},"end":{"line":117,"column":32}},"11":{"start":{"line":119,"column":0},"end":{"line":119,"column":24}}},"fnMap":{"0":{"name":"(anonymous_0)","decl":{"start":{"line":15,"column":11},"end":{"line":15,"column":12}},"loc":{"start":{"line":15,"column":31},"end":{"line":18,"column":1}},"line":15}},"branchMap":{},"s":{"0":2,"1":2,"2":2,"3":2,"4":2,"5":2,"6":7,"7":7,"8":2,"9":2,"10":2,"11":2},"f":{"0":7},"b":{},"_coverageSchema":"1a1c01bbd47fc00a2c39e90264f33305004495a9","hash":"200cb1872bdc4a7c428be25db0cccc9eb6203182"}
,"/Users/srithanshmundlapudi/charultima-biochar-app/backend/services/analysisService.js": {"path":"/Users/srithanshmundlapudi/charultima-biochar-app/backend/services/analysisService.js","statementMap":{"0":{"start":{"line":1,"column":13},"end":{"line":1,"column":34}},"1":{"start":{"line":4,"column":18},"end":{"line":9,"column":1}},"2":{"start":{"line":11,"column":18},"end":{"line":21,"column":1}},"3":{"start":{"line":23,"column":24},"end":{"line":23,"column":31}},"4":{"start":{"line":24,"column":32},"end":{"line":24,"column":35}},"5":{"start":{"line":25,"column":30},"end":{"line":25,"column":33}},"6":{"start":{"line":26,"column":24},"end":{"line":26,"column":26}},"7":{"start":{"line":31,"column":26},"end":{"line":47,"column":1}},"8":{"start":{"line":32,"column":15},"end":{"line":35,"column":3}},"9":{"start":{"line":37,"column":2},"end":{"line":44,"column":3}},"10":{"start":{"line":39,"column":4},"end":{"line":42,"column":6}},"11":{"start":{"line":43,"column":4},"end":{"line":43,"column":64}},"12":{"start":{"line":46,"column":2},"end":{"line":46,"column":27}},"13":{"start":{"line":53,"column":37},"end":{"line":57,"column":1}},"14":{"start":{"line":54,"column":23},"end":{"line":54,"column":48}},"15":{"start":{"line":55,"column":23},"end":{"line":55,"column":48}},"16":{"start":{"line":56,"column":2},"end":{"line":56,"column":43}},"17":{"start":{"line":59,"column":32},"end":{"line":84,"column":1}},"18":{"start":{"line":60,"column":26},"end":{"line":60,"column":61}},"19":{"start":{"line":62,"column":2},"end":{"line":70,"column":3}},"20":{"start":{"line":63,"column":4},"end":{"line":69,"column":6}},"21":{"start":{"line":72,"column":24},"end":{"line":72,"column":91}},"22":{"start":{"line":73,"column":26},"end":{"line":73,"column":57}},"23":{"start":{"line":74,"column":24},"end":{"line":74,"column":56}},"24":{"start":{"line":75,"column":23},"end":{"line":75,"column":54}},"25":{"start":{"line":77,"column":2},"end":{"line":83,"column":4}},"26":{"start":{"line":86,"column":28},"end":{"line":106,"column":1}},"27":{"start":{"line":87,"column":26},"end":{"line":87,"column":28}},"28":{"start":{"line":89,"column":2},"end":{"line":91,"column":5}},"29":{"start":{"line":90,"column":4},"end":{"line":90,"column":96}},"30":{"start":{"line":93,"column":16},"end":{"line":93,"column":50}},"31":{"start":{"line":94,"column":23},"end":{"line":97,"column":3}},"32":{"start":{"line":95,"column":16},"end":{"line":95,"column":52}},"33":{"start":{"line":99,"column":2},"end":{"line":103,"column":4}},"34":{"start":{"line":105,"column":2},"end":{"line":105,"column":25}},"35":{"start":{"line":112,"column":21},"end":{"line":145,"column":1}},"36":{"start":{"line":114,"column":17},"end":{"line":114,"column":49}},"37":{"start":{"line":125,"column":6},"end":{"line":125,"column":18}},"38":{"start":{"line":127,"column":17},"end":{"line":142,"column":3}},"39":{"start":{"line":144,"column":2},"end":{"line":144,"column":24}},"40":{"start":{"line":147,"column":26},"end":{"line":172,"column":1}},"41":{"start":{"line":149,"column":17},"end":{"line":149,"column":49}},"42":{"start":{"line":151,"column":14},"end":{"line":151,"column":57}},"43":{"start":{"line":152,"column":15},"end":{"line":152,"column":23}},"44":{"start":{"line":153,"column":19},"end":{"line":153,"column":20}},"45":{"start":{"line":155,"column":2},"end":{"line":159,"column":3}},"46":{"start":{"line":156,"column":4},"end":{"line":156,"column":45}},"47":{"start":{"line":157,"column":4},"end":{"line":157,"column":24}},"48":{"start":{"line":158,"column":4},"end":{"line":158,"column":17}},"49":{"start":{"line":161,"column":2},"end":{"line":165,"column":3}},"50":{"start":{"line":162,"column":4},"end":{"line":162,"column":127}},"51":{"start":{"line":163,"column":4},"end":{"line":163,"column":31}},"52":{"start":{"line":164,"column":4},"end":{"line":164,"column":17}},"53":{"start":{"line":167,"column":2},"end":{"line":167,"column":86}},"54":{"start":{"line":168,"column":2},"end":{"line":168,"column":29}},"55":{"start":{"line":170,"column":17},"end":{"line":170,"column":48}},"56":{"start":{"line":171,"column":2},"end":{"line":171,"column":21}},"57":{"start":{"line":174,"column":24},"end":{"line":183,"column":1}},"58":{"start":{"line":176,"column":17},"end":{"line":176,"column":49}},"59":{"start":{"line":178,"column":17},"end":{"line":181,"column":3}},"60":{"start":{"line":182,"column":2},"end":{"line":182,"column":24}},"61":{"start":{"line":185,"column":23},"end":{"line":199,"column":1}},"62":{"start":{"line":187,"column":17},"end":{"line":187,"column":49}},"63":{"start":{"line":189,"column":79},"end":{"line":189,"column":83}},"64":{"start":{"line":191,"column":17},"end":{"line":196,"column":3}},"65":{"start":{"line":198,"column":2},"end":{"line":198,"column":24}},"66":{"start":{"line":201,"column":23},"end":{"line":210,"column":1}},"67":{"start":{"line":203,"column":17},"end":{"line":203,"column":49}},"68":{"start":{"line":205,"column":17},"end":{"line":208,"column":3}},"69":{"start":{"line":209,"column":2},"end":{"line":209,"column":24}},"70":{"start":{"line":216,"column":26},"end":{"line":240,"column":1}},"71":{"start":{"line":218,"column":17},"end":{"line":218,"column":49}},"72":{"start":{"line":220,"column":14},"end":{"line":228,"column":3}},"73":{"start":{"line":229,"column":15},"end":{"line":229,"column":39}},"74":{"start":{"line":231,"column":2},"end":{"line":234,"column":3}},"75":{"start":{"line":232,"column":4},"end":{"line":232,"column":33}},"76":{"start":{"line":233,"column":4},"end":{"line":233,"column":24}},"77":{"start":{"line":236,"column":2},"end":{"line":236,"column":59}},"78":{"start":{"line":238,"column":17},"end":{"line":238,"column":48}},"79":{"start":{"line":239,"column":2},"end":{"line":239,"column":21}},"80":{"start":{"line":242,"column":26},"end":{"line":266,"column":1}},"81":{"start":{"line":244,"column":17},"end":{"line":244,"column":49}},"82":{"start":{"line":246,"column":14},"end":{"line":256,"column":3}},"83":{"start":{"line":257,"column":15},"end":{"line":257,"column":23}},"84":{"start":{"line":259,"column":2},"end":{"line":262,"column":3}},"85":{"start":{"line":260,"column":4},"end":{"line":260,"column":33}},"86":{"start":{"line":261,"column":4},"end":{"line":261,"column":24}},"87":{"start":{"line":264,"column":17},"end":{"line":264,"column":48}},"88":{"start":{"line":265,"column":2},"end":{"line":265,"column":24}},"89":{"start":{"line":268,"column":31},"end":{"line":335,"column":1}},"90":{"start":{"line":270,"column":17},"end":{"line":270,"column":49}},"91":{"start":{"line":273,"column":21},"end":{"line":285,"column":3}},"92":{"start":{"line":286,"column":22},"end":{"line":286,"column":54}},"93":{"start":{"line":287,"column":22},"end":{"line":287,"column":63}},"94":{"start":{"line":290,"column":21},"end":{"line":301,"column":3}},"95":{"start":{"line":302,"column":22},"end":{"line":302,"column":54}},"96":{"start":{"line":303,"column":22},"end":{"line":303,"column":63}},"97":{"start":{"line":306,"column":20},"end":{"line":318,"column":3}},"98":{"start":{"line":319,"column":21},"end":{"line":319,"column":53}},"99":{"start":{"line":320,"column":21},"end":{"line":320,"column":60}},"100":{"start":{"line":322,"column":2},"end":{"line":334,"column":4}},"101":{"start":{"line":337,"column":0},"end":{"line":351,"column":2}}},"fnMap":{"0":{"name":"(anonymous_0)","decl":{"start":{"line":31,"column":26},"end":{"line":31,"column":27}},"loc":{"start":{"line":31,"column":45},"end":{"line":47,"column":1}},"line":31},"1":{"name":"(anonymous_1)","decl":{"start":{"line":53,"column":37},"end":{"line":53,"column":38}},"loc":{"start":{"line":53,"column":61},"end":{"line":57,"column":1}},"line":53},"2":{"name":"(anonymous_2)","decl":{"start":{"line":59,"column":32},"end":{"line":59,"column":33}},"loc":{"start":{"line":59,"column":88},"end":{"line":84,"column":1}},"line":59},"3":{"name":"(anonymous_3)","decl":{"start":{"line":86,"column":28},"end":{"line":86,"column":29}},"loc":{"start":{"line":86,"column":85},"end":{"line":106,"column":1}},"line":86},"4":{"name":"(anonymous_4)","decl":{"start":{"line":89,"column":41},"end":{"line":89,"column":42}},"loc":{"start":{"line":89,"column":60},"end":{"line":91,"column":3}},"line":89},"5":{"name":"(anonymous_5)","decl":{"start":{"line":95,"column":4},"end":{"line":95,"column":5}},"loc":{"start":{"line":95,"column":16},"end":{"line":95,"column":52}},"line":95},"6":{"name":"(anonymous_6)","decl":{"start":{"line":112,"column":21},"end":{"line":112,"column":22}},"loc":{"start":{"line":112,"column":62},"end":{"line":145,"column":1}},"line":112},"7":{"name":"(anonymous_7)","decl":{"start":{"line":147,"column":26},"end":{"line":147,"column":27}},"loc":{"start":{"line":147,"column":100},"end":{"line":172,"column":1}},"line":147},"8":{"name":"(anonymous_8)","decl":{"start":{"line":174,"column":24},"end":{"line":174,"column":25}},"loc":{"start":{"line":174,"column":47},"end":{"line":183,"column":1}},"line":174},"9":{"name":"(anonymous_9)","decl":{"start":{"line":185,"column":23},"end":{"line":185,"column":24}},"loc":{"start":{"line":185,"column":52},"end":{"line":199,"column":1}},"line":185},"10":{"name":"(anonymous_10)","decl":{"start":{"line":201,"column":23},"end":{"line":201,"column":24}},"loc":{"start":{"line":201,"column":46},"end":{"line":210,"column":1}},"line":201},"11":{"name":"(anonymous_11)","decl":{"start":{"line":216,"column":26},"end":{"line":216,"column":27}},"loc":{"start":{"line":216,"column":71},"end":{"line":240,"column":1}},"line":216},"12":{"name":"(anonymous_12)","decl":{"start":{"line":242,"column":26},"end":{"line":242,"column":27}},"loc":{"start":{"line":242,"column":60},"end":{"line":266,"column":1}},"line":242},"13":{"name":"(anonymous_13)","decl":{"start":{"line":268,"column":31},"end":{"line":268,"column":32}},"loc":{"start":{"line":268,"column":76},"end":{"line":335,"column":1}},"line":268}},"branchMap":{"0":{"loc":{"start":{"line":37,"column":2},"end":{"line":44,"column":3}},"type":"if","locations":[{"start":{"line":37,"column":2},"end":{"line":44,"column":3}},{"start":{},"end":{}}],"line":37},"1":{"loc":{"start":{"line":54,"column":23},"end":{"line":54,"column":48}},"type":"binary-expr","locations":[{"start":{"line":54,"column":23},"end":{"line":54,"column":42}},{"start":{"line":54,"column":46},"end":{"line":54,"column":48}}],"line":54},"2":{"loc":{"start":{"line":55,"column":23},"end":{"line":55,"column":48}},"type":"binary-expr","locations":[{"start":{"line":55,"column":23},"end":{"line":55,"column":42}},{"start":{"line":55,"column":46},"end":{"line":55,"column":48}}],"line":55},"3":{"loc":{"start":{"line":62,"column":2},"end":{"line":70,"column":3}},"type":"if","locations":[{"start":{"line":62,"column":2},"end":{"line":70,"column":3}},{"start":{},"end":{}}],"line":62},"4":{"loc":{"start":{"line":95,"column":33},"end":{"line":95,"column":51}},"type":"binary-expr","locations":[{"start":{"line":95,"column":33},"end":{"line":95,"column":46}},{"start":{"line":95,"column":50},"end":{"line":95,"column":51}}],"line":95},"5":{"loc":{"start":{"line":147,"column":42},"end":{"line":147,"column":55}},"type":"default-arg","locations":[{"start":{"line":147,"column":51},"end":{"line":147,"column":55}}],"line":147},"6":{"loc":{"start":{"line":147,"column":57},"end":{"line":147,"column":68}},"type":"default-arg","locations":[{"start":{"line":147,"column":65},"end":{"line":147,"column":68}}],"line":147},"7":{"loc":{"start":{"line":147,"column":70},"end":{"line":147,"column":80}},"type":"default-arg","locations":[{"start":{"line":147,"column":79},"end":{"line":147,"column":80}}],"line":147},"8":{"loc":{"start":{"line":147,"column":82},"end":{"line":147,"column":95}},"type":"default-arg","locations":[{"start":{"line":147,"column":91},"end":{"line":147,"column":95}}],"line":147},"9":{"loc":{"start":{"line":155,"column":2},"end":{"line":159,"column":3}},"type":"if","locations":[{"start":{"line":155,"column":2},"end":{"line":159,"column":3}},{"start":{},"end":{}}],"line":155},"10":{"loc":{"start":{"line":161,"column":2},"end":{"line":165,"column":3}},"type":"if","locations":[{"start":{"line":161,"column":2},"end":{"line":165,"column":3}},{"start":{},"end":{}}],"line":161},"11":{"loc":{"start":{"line":216,"column":42},"end":{"line":216,"column":55}},"type":"default-arg","locations":[{"start":{"line":216,"column":51},"end":{"line":216,"column":55}}],"line":216},"12":{"loc":{"start":{"line":216,"column":57},"end":{"line":216,"column":66}},"type":"default-arg","locations":[{"start":{"line":216,"column":64},"end":{"line":216,"column":66}}],"line":216},"13":{"loc":{"start":{"line":231,"column":2},"end":{"line":234,"column":3}},"type":"if","locations":[{"start":{"line":231,"column":2},"end":{"line":234,"column":3}},{"start":{},"end":{}}],"line":231},"14":{"loc":{"start":{"line":242,"column":42},"end":{"line":242,"column":55}},"type":"default-arg","locations":[{"start":{"line":242,"column":51},"end":{"line":242,"column":55}}],"line":242},"15":{"loc":{"start":{"line":259,"column":2},"end":{"line":262,"column":3}},"type":"if","locations":[{"start":{"line":259,"column":2},"end":{"line":262,"column":3}},{"start":{},"end":{}}],"line":259},"16":{"loc":{"start":{"line":268,"column":47},"end":{"line":268,"column":60}},"type":"default-arg","locations":[{"start":{"line":268,"column":56},"end":{"line":268,"column":60}}],"line":268},"17":{"loc":{"start":{"line":268,"column":62},"end":{"line":268,"column":71}},"type":"default-arg","locations":[{"start":{"line":268,"column":69},"end":{"line":268,"column":71}}],"line":268},"18":{"loc":{"start":{"line":283,"column":6},"end":{"line":283,"column":38}},"type":"cond-expr","locations":[{"start":{"line":283,"column":15},"end":{"line":283,"column":33}},{"start":{"line":283,"column":36},"end":{"line":283,"column":38}}],"line":283},"19":{"loc":{"start":{"line":297,"column":6},"end":{"line":297,"column":38}},"type":"cond-expr","locations":[{"start":{"line":297,"column":15},"end":{"line":297,"column":33}},{"start":{"line":297,"column":36},"end":{"line":297,"column":38}}],"line":297},"20":{"loc":{"start":{"line":316,"column":6},"end":{"line":316,"column":38}},"type":"cond-expr","locations":[{"start":{"line":316,"column":15},"end":{"line":316,"column":33}},{"start":{"line":316,"column":36},"end":{"line":316,"column":38}}],"line":316},"21":{"loc":{"start":{"line":323,"column":11},"end":{"line":330,"column":5}},"type":"binary-expr","locations":[{"start":{"line":323,"column":11},"end":{"line":323,"column":30}},{"start":{"line":323,"column":34},"end":{"line":330,"column":5}}],"line":323}},"s":{"0":3,"1":3,"2":3,"3":3,"4":3,"5":3,"6":3,"7":3,"8":2,"9":2,"10":0,"11":0,"12":0,"13":3,"14":5,"15":5,"16":5,"17":3,"18":10,"19":10,"20":1,"21":9,"22":9,"23":9,"24":9,"25":9,"26":3,"27":4,"28":4,"29":8,"30":4,"31":4,"32":8,"33":4,"34":4,"35":3,"36":0,"37":0,"38":0,"39":0,"40":3,"41":0,"42":0,"43":0,"44":0,"45":0,"46":0,"47":0,"48":0,"49":0,"50":0,"51":0,"52":0,"53":0,"54":0,"55":0,"56":0,"57":3,"58":0,"59":0,"60":0,"61":3,"62":0,"63":0,"64":0,"65":0,"66":3,"67":0,"68":0,"69":0,"70":3,"71":1,"72":0,"73":0,"74":0,"75":0,"76":0,"77":0,"78":0,"79":0,"80":3,"81":1,"82":0,"83":0,"84":0,"85":0,"86":0,"87":0,"88":0,"89":3,"90":0,"91":0,"92":0,"93":0,"94":0,"95":0,"96":0,"97":0,"98":0,"99":0,"100":0,"101":3},"f":{"0":2,"1":5,"2":10,"3":4,"4":8,"5":8,"6":0,"7":0,"8":0,"9":0,"10":0,"11":1,"12":1,"13":0},"b":{"0":[0,0],"1":[5,1],"2":[5,1],"3":[1,9],"4":[8,0],"5":[0],"6":[0],"7":[0],"8":[0],"9":[0,0],"10":[0,0],"11":[1],"12":[0],"13":[0,0],"14":[1],"15":[0,0],"16":[0],"17":[0],"18":[0,0],"19":[0,0],"20":[0,0],"21":[0,0]},"_coverageSchema":"1a1c01bbd47fc00a2c39e90264f33305004495a9","hash":"7758c01a81fc259c3153e656917aa1787070d77e"}
,"/Users/srithanshmundlapudi/charultima-biochar-app/backend/services/cacheService.js": {"path":"/Users/srithanshmundlapudi/charultima-biochar-app/backend/services/cacheService.js","statementMap":{"0":{"start":{"line":1,"column":14},"end":{"line":1,"column":30}},"1":{"start":{"line":3,"column":18},"end":{"line":3,"column":22}},"2":{"start":{"line":8,"column":11},"end":{"line":8,"column":12}},"3":{"start":{"line":9,"column":13},"end":{"line":9,"column":14}},"4":{"start":{"line":10,"column":26},"end":{"line":10,"column":28}},"5":{"start":{"line":11,"column":28},"end":{"line":11,"column":30}},"6":{"start":{"line":13,"column":19},"end":{"line":20,"column":2}},"7":{"start":{"line":13,"column":26},"end":{"line":20,"column":1}},"8":{"start":{"line":18,"column":91},"end":{"line":18,"column":94}},"9":{"start":{"line":19,"column":97},"end":{"line":19,"column":100}},"10":{"start":{"line":22,"column":21},"end":{"line":27,"column":1}},"11":{"start":{"line":23,"column":2},"end":{"line":23,"column":11}},"12":{"start":{"line":24,"column":2},"end":{"line":24,"column":13}},"13":{"start":{"line":25,"column":2},"end":{"line":25,"column":27}},"14":{"start":{"line":26,"column":2},"end":{"line":26,"column":29}},"15":{"start":{"line":32,"column":21},"end":{"line":47,"column":1}},"16":{"start":{"line":33,"column":2},"end":{"line":46,"column":3}},"17":{"start":{"line":34,"column":4},"end":{"line":36,"column":7}},"18":{"start":{"line":38,"column":4},"end":{"line":38,"column":80}},"19":{"start":{"line":38,"column":37},"end":{"line":38,"column":78}},"20":{"start":{"line":39,"column":4},"end":{"line":39,"column":73}},"21":{"start":{"line":39,"column":36},"end":{"line":39,"column":71}},"22":{"start":{"line":41,"column":4},"end":{"line":41,"column":32}},"23":{"start":{"line":42,"column":4},"end":{"line":42,"column":23}},"24":{"start":{"line":44,"column":4},"end":{"line":44,"column":54}},"25":{"start":{"line":45,"column":4},"end":{"line":45,"column":16}},"26":{"start":{"line":49,"column":18},"end":{"line":49,"column":35}},"27":{"start":{"line":49,"column":24},"end":{"line":49,"column":35}},"28":{"start":{"line":54,"column":17},"end":{"line":77,"column":1}},"29":{"start":{"line":55,"column":2},"end":{"line":76,"column":3}},"30":{"start":{"line":56,"column":4},"end":{"line":56,"column":34}},"31":{"start":{"line":56,"column":22},"end":{"line":56,"column":34}},"32":{"start":{"line":57,"column":18},"end":{"line":57,"column":28}},"33":{"start":{"line":58,"column":17},"end":{"line":58,"column":43}},"34":{"start":{"line":59,"column":21},"end":{"line":59,"column":39}},"35":{"start":{"line":61,"column":4},"end":{"line":67,"column":5}},"36":{"start":{"line":62,"column":6},"end":{"line":62,"column":13}},"37":{"start":{"line":63,"column":6},"end":{"line":63,"column":41}},"38":{"start":{"line":64,"column":22},"end":{"line":64,"column":42}},"39":{"start":{"line":65,"column":6},"end":{"line":65,"column":82}},"40":{"start":{"line":66,"column":6},"end":{"line":66,"column":30}},"41":{"start":{"line":68,"column":4},"end":{"line":68,"column":13}},"42":{"start":{"line":69,"column":4},"end":{"line":69,"column":41}},"43":{"start":{"line":70,"column":20},"end":{"line":70,"column":40}},"44":{"start":{"line":71,"column":4},"end":{"line":71,"column":80}},"45":{"start":{"line":72,"column":4},"end":{"line":72,"column":16}},"46":{"start":{"line":74,"column":4},"end":{"line":74,"column":43}},"47":{"start":{"line":75,"column":4},"end":{"line":75,"column":16}},"48":{"start":{"line":79,"column":17},"end":{"line":89,"column":1}},"49":{"start":{"line":80,"column":2},"end":{"line":88,"column":3}},"50":{"start":{"line":81,"column":4},"end":{"line":81,"column":35}},"51":{"start":{"line":81,"column":22},"end":{"line":81,"column":35}},"52":{"start":{"line":82,"column":4},"end":{"line":82,"column":61}},"53":{"start":{"line":83,"column":4},"end":{"line":83,"column":54}},"54":{"start":{"line":84,"column":4},"end":{"line":84,"column":16}},"55":{"start":{"line":86,"column":4},"end":{"line":86,"column":43}},"56":{"start":{"line":87,"column":4},"end":{"line":87,"column":17}},"57":{"start":{"line":91,"column":20},"end":{"line":101,"column":1}},"58":{"start":{"line":92,"column":2},"end":{"line":100,"column":3}},"59":{"start":{"line":93,"column":4},"end":{"line":93,"column":35}},"60":{"start":{"line":93,"column":22},"end":{"line":93,"column":35}},"61":{"start":{"line":94,"column":4},"end":{"line":94,"column":31}},"62":{"start":{"line":95,"column":4},"end":{"line":95,"column":41}},"63":{"start":{"line":96,"column":4},"end":{"line":96,"column":16}},"64":{"start":{"line":98,"column":4},"end":{"line":98,"column":46}},"65":{"start":{"line":99,"column":4},"end":{"line":99,"column":17}},"66":{"start":{"line":103,"column":22},"end":{"line":122,"column":1}},"67":{"start":{"line":104,"column":2},"end":{"line":121,"column":3}},"68":{"start":{"line":105,"column":4},"end":{"line":105,"column":35}},"69":{"start":{"line":105,"column":22},"end":{"line":105,"column":35}},"70":{"start":{"line":106,"column":18},"end":{"line":106,"column":19}},"71":{"start":{"line":107,"column":21},"end":{"line":110,"column":6}},"72":{"start":{"line":112,"column":4},"end":{"line":115,"column":5}},"73":{"start":{"line":113,"column":6},"end":{"line":113,"column":33}},"74":{"start":{"line":114,"column":6},"end":{"line":114,"column":16}},"75":{"start":{"line":116,"column":4},"end":{"line":116,"column":71}},"76":{"start":{"line":117,"column":4},"end":{"line":117,"column":16}},"77":{"start":{"line":119,"column":4},"end":{"line":119,"column":54}},"78":{"start":{"line":120,"column":4},"end":{"line":120,"column":17}},"79":{"start":{"line":127,"column":19},"end":{"line":137,"column":1}},"80":{"start":{"line":128,"column":18},"end":{"line":128,"column":30}},"81":{"start":{"line":129,"column":2},"end":{"line":129,"column":54}},"82":{"start":{"line":130,"column":2},"end":{"line":130,"column":56}},"83":{"start":{"line":131,"column":2},"end":{"line":131,"column":69}},"84":{"start":{"line":132,"column":2},"end":{"line":132,"column":60}},"85":{"start":{"line":133,"column":2},"end":{"line":133,"column":56}},"86":{"start":{"line":134,"column":2},"end":{"line":134,"column":60}},"87":{"start":{"line":135,"column":2},"end":{"line":135,"column":52}},"88":{"start":{"line":136,"column":2},"end":{"line":136,"column":17}},"89":{"start":{"line":139,"column":0},"end":{"line":149,"column":2}}},"fnMap":{"0":{"name":"(anonymous_0)","decl":{"start":{"line":13,"column":19},"end":{"line":13,"column":20}},"loc":{"start":{"line":13,"column":26},"end":{"line":20,"column":1}},"line":13},"1":{"name":"(anonymous_1)","decl":{"start":{"line":18,"column":82},"end":{"line":18,"column":83}},"loc":{"start":{"line":18,"column":91},"end":{"line":18,"column":94}},"line":18},"2":{"name":"(anonymous_2)","decl":{"start":{"line":19,"column":88},"end":{"line":19,"column":89}},"loc":{"start":{"line":19,"column":97},"end":{"line":19,"column":100}},"line":19},"3":{"name":"(anonymous_3)","decl":{"start":{"line":22,"column":21},"end":{"line":22,"column":22}},"loc":{"start":{"line":22,"column":27},"end":{"line":27,"column":1}},"line":22},"4":{"name":"(anonymous_4)","decl":{"start":{"line":32,"column":21},"end":{"line":32,"column":22}},"loc":{"start":{"line":32,"column":33},"end":{"line":47,"column":1}},"line":32},"5":{"name":"(anonymous_5)","decl":{"start":{"line":38,"column":28},"end":{"line":38,"column":29}},"loc":{"start":{"line":38,"column":37},"end":{"line":38,"column":78}},"line":38},"6":{"name":"(anonymous_6)","decl":{"start":{"line":39,"column":30},"end":{"line":39,"column":31}},"loc":{"start":{"line":39,"column":36},"end":{"line":39,"column":71}},"line":39},"7":{"name":"(anonymous_7)","decl":{"start":{"line":49,"column":18},"end":{"line":49,"column":19}},"loc":{"start":{"line":49,"column":24},"end":{"line":49,"column":35}},"line":49},"8":{"name":"(anonymous_8)","decl":{"start":{"line":54,"column":17},"end":{"line":54,"column":18}},"loc":{"start":{"line":54,"column":32},"end":{"line":77,"column":1}},"line":54},"9":{"name":"(anonymous_9)","decl":{"start":{"line":79,"column":17},"end":{"line":79,"column":18}},"loc":{"start":{"line":79,"column":50},"end":{"line":89,"column":1}},"line":79},"10":{"name":"(anonymous_10)","decl":{"start":{"line":91,"column":20},"end":{"line":91,"column":21}},"loc":{"start":{"line":91,"column":35},"end":{"line":101,"column":1}},"line":91},"11":{"name":"(anonymous_11)","decl":{"start":{"line":103,"column":22},"end":{"line":103,"column":23}},"loc":{"start":{"line":103,"column":41},"end":{"line":122,"column":1}},"line":103},"12":{"name":"(anonymous_12)","decl":{"start":{"line":127,"column":19},"end":{"line":127,"column":20}},"loc":{"start":{"line":127,"column":25},"end":{"line":137,"column":1}},"line":127}},"branchMap":{"0":{"loc":{"start":{"line":17,"column":11},"end":{"line":17,"column":80}},"type":"cond-expr","locations":[{"start":{"line":17,"column":33},"end":{"line":17,"column":34}},{"start":{"line":17,"column":37},"end":{"line":17,"column":80}}],"line":17},"1":{"loc":{"start":{"line":18,"column":15},"end":{"line":18,"column":139}},"type":"cond-expr","locations":[{"start":{"line":18,"column":50},"end":{"line":18,"column":51}},{"start":{"line":18,"column":54},"end":{"line":18,"column":139}}],"line":18},"2":{"loc":{"start":{"line":19,"column":17},"end":{"line":19,"column":147}},"type":"cond-expr","locations":[{"start":{"line":19,"column":54},"end":{"line":19,"column":55}},{"start":{"line":19,"column":58},"end":{"line":19,"column":147}}],"line":19},"3":{"loc":{"start":{"line":35,"column":11},"end":{"line":35,"column":60}},"type":"binary-expr","locations":[{"start":{"line":35,"column":11},"end":{"line":35,"column":32}},{"start":{"line":35,"column":36},"end":{"line":35,"column":60}}],"line":35},"4":{"loc":{"start":{"line":56,"column":4},"end":{"line":56,"column":34}},"type":"if","locations":[{"start":{"line":56,"column":4},"end":{"line":56,"column":34}},{"start":{},"end":{}}],"line":56},"5":{"loc":{"start":{"line":61,"column":4},"end":{"line":67,"column":5}},"type":"if","locations":[{"start":{"line":61,"column":4},"end":{"line":67,"column":5}},{"start":{},"end":{}}],"line":61},"6":{"loc":{"start":{"line":79,"column":36},"end":{"line":79,"column":45}},"type":"default-arg","locations":[{"start":{"line":79,"column":42},"end":{"line":79,"column":45}}],"line":79},"7":{"loc":{"start":{"line":81,"column":4},"end":{"line":81,"column":35}},"type":"if","locations":[{"start":{"line":81,"column":4},"end":{"line":81,"column":35}},{"start":{},"end":{}}],"line":81},"8":{"loc":{"start":{"line":93,"column":4},"end":{"line":93,"column":35}},"type":"if","locations":[{"start":{"line":93,"column":4},"end":{"line":93,"column":35}},{"start":{},"end":{}}],"line":93},"9":{"loc":{"start":{"line":105,"column":4},"end":{"line":105,"column":35}},"type":"if","locations":[{"start":{"line":105,"column":4},"end":{"line":105,"column":35}},{"start":{},"end":{}}],"line":105}},"s":{"0":3,"1":3,"2":3,"3":3,"4":3,"5":3,"6":3,"7":2,"8":0,"9":0,"10":3,"11":6,"12":6,"13":6,"14":6,"15":3,"16":0,"17":0,"18":0,"19":0,"20":0,"21":0,"22":0,"23":0,"24":0,"25":0,"26":3,"27":0,"28":3,"29":3,"30":3,"31":3,"32":0,"33":0,"34":0,"35":0,"36":0,"37":0,"38":0,"39":0,"40":0,"41":0,"42":0,"43":0,"44":0,"45":0,"46":0,"47":0,"48":3,"49":1,"50":1,"51":1,"52":0,"53":0,"54":0,"55":0,"56":0,"57":3,"58":1,"59":1,"60":1,"61":0,"62":0,"63":0,"64":0,"65":0,"66":3,"67":0,"68":0,"69":0,"70":0,"71":0,"72":0,"73":0,"74":0,"75":0,"76":0,"77":0,"78":0,"79":3,"80":0,"81":0,"82":0,"83":0,"84":0,"85":0,"86":0,"87":0,"88":0,"89":3},"f":{"0":2,"1":0,"2":0,"3":6,"4":0,"5":0,"6":0,"7":0,"8":3,"9":1,"10":1,"11":0,"12":0},"b":{"0":[2,0],"1":[2,0],"2":[2,0],"3":[0,0],"4":[3,0],"5":[0,0],"6":[1],"7":[1,0],"8":[1,0],"9":[0,0]},"_coverageSchema":"1a1c01bbd47fc00a2c39e90264f33305004495a9","hash":"dab5c7c81af59f33481a36ea51fa837066db49e5"}
,"/Users/srithanshmundlapudi/charultima-biochar-app/backend/services/farmService.js": {"path":"/Users/srithanshmundlapudi/charultima-biochar-app/backend/services/farmService.js","statementMap":{"0":{"start":{"line":1,"column":13},"end":{"line":1,"column":34}},"1":{"start":{"line":4,"column":26},"end":{"line":15,"column":1}},"2":{"start":{"line":5,"column":17},"end":{"line":8,"column":3}},"3":{"start":{"line":10,"column":2},"end":{"line":12,"column":3}},"4":{"start":{"line":11,"column":4},"end":{"line":11,"column":38}},"5":{"start":{"line":14,"column":2},"end":{"line":14,"column":27}},"6":{"start":{"line":17,"column":19},"end":{"line":30,"column":1}},"7":{"start":{"line":19,"column":25},"end":{"line":19,"column":56}},"8":{"start":{"line":21,"column":58},"end":{"line":21,"column":66}},"9":{"start":{"line":23,"column":17},"end":{"line":27,"column":3}},"10":{"start":{"line":29,"column":2},"end":{"line":29,"column":24}},"11":{"start":{"line":32,"column":23},"end":{"line":41,"column":1}},"12":{"start":{"line":34,"column":25},"end":{"line":34,"column":56}},"13":{"start":{"line":36,"column":17},"end":{"line":39,"column":3}},"14":{"start":{"line":40,"column":2},"end":{"line":40,"column":21}},"15":{"start":{"line":43,"column":20},"end":{"line":52,"column":1}},"16":{"start":{"line":45,"column":25},"end":{"line":45,"column":56}},"17":{"start":{"line":47,"column":17},"end":{"line":50,"column":3}},"18":{"start":{"line":51,"column":2},"end":{"line":51,"column":24}},"19":{"start":{"line":54,"column":0},"end":{"line":54,"column":61}}},"fnMap":{"0":{"name":"(anonymous_0)","decl":{"start":{"line":4,"column":26},"end":{"line":4,"column":27}},"loc":{"start":{"line":4,"column":45},"end":{"line":15,"column":1}},"line":4},"1":{"name":"(anonymous_1)","decl":{"start":{"line":17,"column":19},"end":{"line":17,"column":20}},"loc":{"start":{"line":17,"column":47},"end":{"line":30,"column":1}},"line":17},"2":{"name":"(anonymous_2)","decl":{"start":{"line":32,"column":23},"end":{"line":32,"column":24}},"loc":{"start":{"line":32,"column":41},"end":{"line":41,"column":1}},"line":32},"3":{"name":"(anonymous_3)","decl":{"start":{"line":43,"column":20},"end":{"line":43,"column":21}},"loc":{"start":{"line":43,"column":46},"end":{"line":52,"column":1}},"line":43}},"branchMap":{"0":{"loc":{"start":{"line":10,"column":2},"end":{"line":12,"column":3}},"type":"if","locations":[{"start":{"line":10,"column":2},"end":{"line":12,"column":3}},{"start":{},"end":{}}],"line":10}},"s":{"0":2,"1":2,"2":5,"3":5,"4":1,"5":4,"6":2,"7":1,"8":1,"9":1,"10":1,"11":2,"12":1,"13":1,"14":1,"15":2,"16":3,"17":2,"18":2,"19":2},"f":{"0":5,"1":1,"2":1,"3":3},"b":{"0":[1,4]},"_coverageSchema":"1a1c01bbd47fc00a2c39e90264f33305004495a9","hash":"0a4a45bf9118fa7b7834a521f65a977d48c63d66"}
}
