{"/Users/srithanshmundlapudi/charultima-biochar-app/backend/server.js": {"path":"/Users/srithanshmundlapudi/charultima-biochar-app/backend/server.js","statementMap":{"0":{"start":{"line":1,"column":16},"end":{"line":1,"column":34}},"1":{"start":{"line":2,"column":13},"end":{"line":2,"column":28}},"2":{"start":{"line":3,"column":15},"end":{"line":3,"column":32}},"3":{"start":{"line":4,"column":15},"end":{"line":4,"column":32}},"4":{"start":{"line":9,"column":0},"end":{"line":9,"column":16}},"5":{"start":{"line":14,"column":13},"end":{"line":14,"column":33}},"6":{"start":{"line":15,"column":19},"end":{"line":15,"column":44}},"7":{"start":{"line":16,"column":23},"end":{"line":16,"column":51}},"8":{"start":{"line":18,"column":12},"end":{"line":18,"column":21}},"9":{"start":{"line":21,"column":0},"end":{"line":21,"column":16}},"10":{"start":{"line":22,"column":0},"end":{"line":22,"column":24}},"11":{"start":{"line":23,"column":0},"end":{"line":23,"column":28}},"12":{"start":{"line":28,"column":0},"end":{"line":35,"column":3}},"13":{"start":{"line":29,"column":2},"end":{"line":34,"column":3}},"14":{"start":{"line":30,"column":19},"end":{"line":30,"column":51}},"15":{"start":{"line":31,"column":4},"end":{"line":31,"column":57}},"16":{"start":{"line":33,"column":4},"end":{"line":33,"column":49}},"17":{"start":{"line":40,"column":0},"end":{"line":61,"column":3}},"18":{"start":{"line":41,"column":29},"end":{"line":41,"column":37}},"19":{"start":{"line":43,"column":2},"end":{"line":45,"column":3}},"20":{"start":{"line":44,"column":4},"end":{"line":44,"column":77}},"21":{"start":{"line":47,"column":2},"end":{"line":60,"column":3}},"22":{"start":{"line":48,"column":17},"end":{"line":48,"column":87}},"23":{"start":{"line":50,"column":4},"end":{"line":55,"column":5}},"24":{"start":{"line":51,"column":6},"end":{"line":54,"column":9}},"25":{"start":{"line":57,"column":4},"end":{"line":57,"column":29}},"26":{"start":{"line":59,"column":4},"end":{"line":59,"column":49}},"27":{"start":{"line":66,"column":0},"end":{"line":66,"column":34}},"28":{"start":{"line":71,"column":0},"end":{"line":71,"column":41}},"29":{"start":{"line":76,"column":0},"end":{"line":137,"column":3}},"30":{"start":{"line":78,"column":2},"end":{"line":80,"column":3}},"31":{"start":{"line":79,"column":4},"end":{"line":79,"column":75}},"32":{"start":{"line":82,"column":2},"end":{"line":136,"column":3}},"33":{"start":{"line":84,"column":4},"end":{"line":91,"column":7}},"34":{"start":{"line":94,"column":4},"end":{"line":104,"column":7}},"35":{"start":{"line":107,"column":4},"end":{"line":122,"column":7}},"36":{"start":{"line":125,"column":4},"end":{"line":131,"column":7}},"37":{"start":{"line":133,"column":4},"end":{"line":133,"column":69}},"38":{"start":{"line":135,"column":4},"end":{"line":135,"column":49}},"39":{"start":{"line":142,"column":0},"end":{"line":145,"column":3}},"40":{"start":{"line":143,"column":2},"end":{"line":143,"column":27}},"41":{"start":{"line":144,"column":2},"end":{"line":144,"column":74}},"42":{"start":{"line":150,"column":13},"end":{"line":150,"column":37}},"43":{"start":{"line":153,"column":0},"end":{"line":158,"column":1}},"44":{"start":{"line":154,"column":2},"end":{"line":157,"column":5}},"45":{"start":{"line":155,"column":4},"end":{"line":155,"column":50}},"46":{"start":{"line":156,"column":4},"end":{"line":156,"column":70}},"47":{"start":{"line":160,"column":0},"end":{"line":160,"column":21}}},"fnMap":{"0":{"name":"(anonymous_0)","decl":{"start":{"line":28,"column":23},"end":{"line":28,"column":24}},"loc":{"start":{"line":28,"column":43},"end":{"line":35,"column":1}},"line":28},"1":{"name":"(anonymous_1)","decl":{"start":{"line":40,"column":23},"end":{"line":40,"column":24}},"loc":{"start":{"line":40,"column":43},"end":{"line":61,"column":1}},"line":40},"2":{"name":"(anonymous_2)","decl":{"start":{"line":76,"column":22},"end":{"line":76,"column":23}},"loc":{"start":{"line":76,"column":42},"end":{"line":137,"column":1}},"line":76},"3":{"name":"(anonymous_3)","decl":{"start":{"line":142,"column":8},"end":{"line":142,"column":9}},"loc":{"start":{"line":142,"column":33},"end":{"line":145,"column":1}},"line":142},"4":{"name":"(anonymous_4)","decl":{"start":{"line":154,"column":19},"end":{"line":154,"column":20}},"loc":{"start":{"line":154,"column":25},"end":{"line":157,"column":3}},"line":154}},"branchMap":{"0":{"loc":{"start":{"line":43,"column":2},"end":{"line":45,"column":3}},"type":"if","locations":[{"start":{"line":43,"column":2},"end":{"line":45,"column":3}},{"start":{},"end":{}}],"line":43},"1":{"loc":{"start":{"line":43,"column":6},"end":{"line":43,"column":24}},"type":"binary-expr","locations":[{"start":{"line":43,"column":6},"end":{"line":43,"column":14}},{"start":{"line":43,"column":18},"end":{"line":43,"column":24}}],"line":43},"2":{"loc":{"start":{"line":50,"column":4},"end":{"line":55,"column":5}},"type":"if","locations":[{"start":{"line":50,"column":4},"end":{"line":55,"column":5}},{"start":{},"end":{}}],"line":50},"3":{"loc":{"start":{"line":78,"column":2},"end":{"line":80,"column":3}},"type":"if","locations":[{"start":{"line":78,"column":2},"end":{"line":80,"column":3}},{"start":{},"end":{}}],"line":78},"4":{"loc":{"start":{"line":144,"column":32},"end":{"line":144,"column":70}},"type":"binary-expr","locations":[{"start":{"line":144,"column":32},"end":{"line":144,"column":43}},{"start":{"line":144,"column":47},"end":{"line":144,"column":70}}],"line":144},"5":{"loc":{"start":{"line":150,"column":13},"end":{"line":150,"column":37}},"type":"binary-expr","locations":[{"start":{"line":150,"column":13},"end":{"line":150,"column":29}},{"start":{"line":150,"column":33},"end":{"line":150,"column":37}}],"line":150},"6":{"loc":{"start":{"line":153,"column":0},"end":{"line":158,"column":1}},"type":"if","locations":[{"start":{"line":153,"column":0},"end":{"line":158,"column":1}},{"start":{},"end":{}}],"line":153},"7":{"loc":{"start":{"line":156,"column":29},"end":{"line":156,"column":66}},"type":"binary-expr","locations":[{"start":{"line":156,"column":29},"end":{"line":156,"column":49}},{"start":{"line":156,"column":53},"end":{"line":156,"column":66}}],"line":156}},"s":{"0":2,"1":2,"2":2,"3":2,"4":2,"5":2,"6":2,"7":2,"8":2,"9":2,"10":2,"11":2,"12":2,"13":1,"14":1,"15":1,"16":0,"17":2,"18":0,"19":0,"20":0,"21":0,"22":0,"23":0,"24":0,"25":0,"26":0,"27":2,"28":2,"29":2,"30":0,"31":0,"32":0,"33":0,"34":0,"35":0,"36":0,"37":0,"38":0,"39":2,"40":0,"41":0,"42":2,"43":2,"44":0,"45":0,"46":0,"47":2},"f":{"0":1,"1":0,"2":0,"3":0,"4":0},"b":{"0":[0,0],"1":[0,0],"2":[0,0],"3":[0,0],"4":[0,0],"5":[2,0],"6":[0,2],"7":[0,0]},"_coverageSchema":"1a1c01bbd47fc00a2c39e90264f33305004495a9","hash":"0981daabdfd48d54e7f5b910d606d28a7240354e"}
,"/Users/srithanshmundlapudi/charultima-biochar-app/backend/controllers/analysisController.js": {"path":"/Users/srithanshmundlapudi/charultima-biochar-app/backend/controllers/analysisController.js","statementMap":{"0":{"start":{"line":1,"column":24},"end":{"line":1,"column":62}},"1":{"start":{"line":3,"column":23},"end":{"line":39,"column":1}},"2":{"start":{"line":14,"column":6},"end":{"line":14,"column":14}},"3":{"start":{"line":15,"column":17},"end":{"line":15,"column":27}},"4":{"start":{"line":17,"column":2},"end":{"line":21,"column":3}},"5":{"start":{"line":18,"column":4},"end":{"line":20,"column":81}},"6":{"start":{"line":23,"column":2},"end":{"line":38,"column":3}},"7":{"start":{"line":24,"column":21},"end":{"line":33,"column":6}},"8":{"start":{"line":35,"column":4},"end":{"line":35,"column":35}},"9":{"start":{"line":37,"column":4},"end":{"line":37,"column":49}},"10":{"start":{"line":41,"column":20},"end":{"line":57,"column":1}},"11":{"start":{"line":42,"column":17},"end":{"line":42,"column":27}},"12":{"start":{"line":43,"column":54},"end":{"line":43,"column":63}},"13":{"start":{"line":45,"column":2},"end":{"line":56,"column":3}},"14":{"start":{"line":46,"column":21},"end":{"line":52,"column":5}},"15":{"start":{"line":53,"column":4},"end":{"line":53,"column":23}},"16":{"start":{"line":55,"column":4},"end":{"line":55,"column":49}},"17":{"start":{"line":59,"column":24},"end":{"line":72,"column":1}},"18":{"start":{"line":60,"column":17},"end":{"line":60,"column":27}},"19":{"start":{"line":61,"column":17},"end":{"line":61,"column":27}},"20":{"start":{"line":63,"column":2},"end":{"line":71,"column":3}},"21":{"start":{"line":64,"column":21},"end":{"line":64,"column":70}},"22":{"start":{"line":65,"column":4},"end":{"line":67,"column":5}},"23":{"start":{"line":66,"column":6},"end":{"line":66,"column":67}},"24":{"start":{"line":68,"column":4},"end":{"line":68,"column":23}},"25":{"start":{"line":70,"column":4},"end":{"line":70,"column":49}},"26":{"start":{"line":74,"column":23},"end":{"line":100,"column":1}},"27":{"start":{"line":75,"column":17},"end":{"line":75,"column":27}},"28":{"start":{"line":76,"column":17},"end":{"line":76,"column":27}},"29":{"start":{"line":77,"column":79},"end":{"line":77,"column":87}},"30":{"start":{"line":79,"column":2},"end":{"line":81,"column":3}},"31":{"start":{"line":80,"column":4},"end":{"line":80,"column":87}},"32":{"start":{"line":83,"column":2},"end":{"line":99,"column":3}},"33":{"start":{"line":84,"column":20},"end":{"line":90,"column":6}},"34":{"start":{"line":92,"column":4},"end":{"line":94,"column":5}},"35":{"start":{"line":93,"column":6},"end":{"line":93,"column":67}},"36":{"start":{"line":96,"column":4},"end":{"line":96,"column":22}},"37":{"start":{"line":98,"column":4},"end":{"line":98,"column":49}},"38":{"start":{"line":102,"column":23},"end":{"line":115,"column":1}},"39":{"start":{"line":103,"column":17},"end":{"line":103,"column":27}},"40":{"start":{"line":104,"column":17},"end":{"line":104,"column":27}},"41":{"start":{"line":106,"column":2},"end":{"line":114,"column":3}},"42":{"start":{"line":107,"column":20},"end":{"line":107,"column":68}},"43":{"start":{"line":108,"column":4},"end":{"line":110,"column":5}},"44":{"start":{"line":109,"column":6},"end":{"line":109,"column":67}},"45":{"start":{"line":111,"column":4},"end":{"line":111,"column":59}},"46":{"start":{"line":113,"column":4},"end":{"line":113,"column":49}},"47":{"start":{"line":117,"column":18},"end":{"line":132,"column":1}},"48":{"start":{"line":118,"column":17},"end":{"line":118,"column":27}},"49":{"start":{"line":119,"column":27},"end":{"line":119,"column":36}},"50":{"start":{"line":120,"column":18},"end":{"line":120,"column":48}},"51":{"start":{"line":122,"column":2},"end":{"line":124,"column":3}},"52":{"start":{"line":123,"column":4},"end":{"line":123,"column":77}},"53":{"start":{"line":126,"column":2},"end":{"line":131,"column":3}},"54":{"start":{"line":127,"column":19},"end":{"line":127,"column":83}},"55":{"start":{"line":128,"column":4},"end":{"line":128,"column":21}},"56":{"start":{"line":130,"column":4},"end":{"line":130,"column":49}},"57":{"start":{"line":134,"column":26},"end":{"line":144,"column":1}},"58":{"start":{"line":135,"column":17},"end":{"line":135,"column":27}},"59":{"start":{"line":136,"column":21},"end":{"line":136,"column":30}},"60":{"start":{"line":138,"column":2},"end":{"line":143,"column":3}},"61":{"start":{"line":139,"column":18},"end":{"line":139,"column":73}},"62":{"start":{"line":140,"column":4},"end":{"line":140,"column":20}},"63":{"start":{"line":142,"column":4},"end":{"line":142,"column":49}},"64":{"start":{"line":146,"column":31},"end":{"line":161,"column":1}},"65":{"start":{"line":147,"column":17},"end":{"line":147,"column":27}},"66":{"start":{"line":148,"column":32},"end":{"line":148,"column":41}},"67":{"start":{"line":149,"column":18},"end":{"line":149,"column":36}},"68":{"start":{"line":151,"column":2},"end":{"line":153,"column":3}},"69":{"start":{"line":152,"column":4},"end":{"line":152,"column":77}},"70":{"start":{"line":155,"column":2},"end":{"line":160,"column":3}},"71":{"start":{"line":156,"column":22},"end":{"line":156,"column":91}},"72":{"start":{"line":157,"column":4},"end":{"line":157,"column":24}},"73":{"start":{"line":159,"column":4},"end":{"line":159,"column":49}},"74":{"start":{"line":163,"column":25},"end":{"line":187,"column":1}},"75":{"start":{"line":164,"column":72},"end":{"line":164,"column":80}},"76":{"start":{"line":166,"column":2},"end":{"line":168,"column":3}},"77":{"start":{"line":167,"column":4},"end":{"line":167,"column":70}},"78":{"start":{"line":170,"column":2},"end":{"line":172,"column":3}},"79":{"start":{"line":171,"column":4},"end":{"line":171,"column":79}},"80":{"start":{"line":174,"column":2},"end":{"line":176,"column":3}},"81":{"start":{"line":175,"column":4},"end":{"line":175,"column":96}},"82":{"start":{"line":178,"column":19},"end":{"line":178,"column":41}},"83":{"start":{"line":179,"column":30},"end":{"line":179,"column":94}},"84":{"start":{"line":180,"column":26},"end":{"line":184,"column":3}},"85":{"start":{"line":186,"column":2},"end":{"line":186,"column":63}},"86":{"start":{"line":189,"column":0},"end":{"line":199,"column":2}}},"fnMap":{"0":{"name":"(anonymous_0)","decl":{"start":{"line":3,"column":23},"end":{"line":3,"column":24}},"loc":{"start":{"line":3,"column":43},"end":{"line":39,"column":1}},"line":3},"1":{"name":"(anonymous_1)","decl":{"start":{"line":41,"column":20},"end":{"line":41,"column":21}},"loc":{"start":{"line":41,"column":40},"end":{"line":57,"column":1}},"line":41},"2":{"name":"(anonymous_2)","decl":{"start":{"line":59,"column":24},"end":{"line":59,"column":25}},"loc":{"start":{"line":59,"column":44},"end":{"line":72,"column":1}},"line":59},"3":{"name":"(anonymous_3)","decl":{"start":{"line":74,"column":23},"end":{"line":74,"column":24}},"loc":{"start":{"line":74,"column":43},"end":{"line":100,"column":1}},"line":74},"4":{"name":"(anonymous_4)","decl":{"start":{"line":102,"column":23},"end":{"line":102,"column":24}},"loc":{"start":{"line":102,"column":43},"end":{"line":115,"column":1}},"line":102},"5":{"name":"(anonymous_5)","decl":{"start":{"line":117,"column":18},"end":{"line":117,"column":19}},"loc":{"start":{"line":117,"column":38},"end":{"line":132,"column":1}},"line":117},"6":{"name":"(anonymous_6)","decl":{"start":{"line":134,"column":26},"end":{"line":134,"column":27}},"loc":{"start":{"line":134,"column":46},"end":{"line":144,"column":1}},"line":134},"7":{"name":"(anonymous_7)","decl":{"start":{"line":146,"column":31},"end":{"line":146,"column":32}},"loc":{"start":{"line":146,"column":51},"end":{"line":161,"column":1}},"line":146},"8":{"name":"(anonymous_8)","decl":{"start":{"line":163,"column":25},"end":{"line":163,"column":26}},"loc":{"start":{"line":163,"column":45},"end":{"line":187,"column":1}},"line":163}},"branchMap":{"0":{"loc":{"start":{"line":17,"column":2},"end":{"line":21,"column":3}},"type":"if","locations":[{"start":{"line":17,"column":2},"end":{"line":21,"column":3}},{"start":{},"end":{}}],"line":17},"1":{"loc":{"start":{"line":17,"column":6},"end":{"line":17,"column":63}},"type":"binary-expr","locations":[{"start":{"line":17,"column":6},"end":{"line":17,"column":13}},{"start":{"line":17,"column":17},"end":{"line":17,"column":44}},{"start":{"line":17,"column":48},"end":{"line":17,"column":63}}],"line":17},"2":{"loc":{"start":{"line":43,"column":18},"end":{"line":43,"column":29}},"type":"default-arg","locations":[{"start":{"line":43,"column":26},"end":{"line":43,"column":29}}],"line":43},"3":{"loc":{"start":{"line":43,"column":31},"end":{"line":43,"column":41}},"type":"default-arg","locations":[{"start":{"line":43,"column":40},"end":{"line":43,"column":41}}],"line":43},"4":{"loc":{"start":{"line":65,"column":4},"end":{"line":67,"column":5}},"type":"if","locations":[{"start":{"line":65,"column":4},"end":{"line":67,"column":5}},{"start":{},"end":{}}],"line":65},"5":{"loc":{"start":{"line":79,"column":2},"end":{"line":81,"column":3}},"type":"if","locations":[{"start":{"line":79,"column":2},"end":{"line":81,"column":3}},{"start":{},"end":{}}],"line":79},"6":{"loc":{"start":{"line":79,"column":6},"end":{"line":79,"column":109}},"type":"binary-expr","locations":[{"start":{"line":79,"column":6},"end":{"line":79,"column":33}},{"start":{"line":79,"column":37},"end":{"line":79,"column":52}},{"start":{"line":79,"column":56},"end":{"line":79,"column":65}},{"start":{"line":79,"column":69},"end":{"line":79,"column":78}},{"start":{"line":79,"column":82},"end":{"line":79,"column":109}}],"line":79},"7":{"loc":{"start":{"line":92,"column":4},"end":{"line":94,"column":5}},"type":"if","locations":[{"start":{"line":92,"column":4},"end":{"line":94,"column":5}},{"start":{},"end":{}}],"line":92},"8":{"loc":{"start":{"line":108,"column":4},"end":{"line":110,"column":5}},"type":"if","locations":[{"start":{"line":108,"column":4},"end":{"line":110,"column":5}},{"start":{},"end":{}}],"line":108},"9":{"loc":{"start":{"line":120,"column":18},"end":{"line":120,"column":48}},"type":"cond-expr","locations":[{"start":{"line":120,"column":25},"end":{"line":120,"column":43}},{"start":{"line":120,"column":46},"end":{"line":120,"column":48}}],"line":120},"10":{"loc":{"start":{"line":122,"column":2},"end":{"line":124,"column":3}},"type":"if","locations":[{"start":{"line":122,"column":2},"end":{"line":124,"column":3}},{"start":{},"end":{}}],"line":122},"11":{"loc":{"start":{"line":122,"column":6},"end":{"line":122,"column":52}},"type":"binary-expr","locations":[{"start":{"line":122,"column":6},"end":{"line":122,"column":20}},{"start":{"line":122,"column":24},"end":{"line":122,"column":35}},{"start":{"line":122,"column":39},"end":{"line":122,"column":52}}],"line":122},"12":{"loc":{"start":{"line":148,"column":18},"end":{"line":148,"column":27}},"type":"default-arg","locations":[{"start":{"line":148,"column":25},"end":{"line":148,"column":27}}],"line":148},"13":{"loc":{"start":{"line":151,"column":2},"end":{"line":153,"column":3}},"type":"if","locations":[{"start":{"line":151,"column":2},"end":{"line":153,"column":3}},{"start":{},"end":{}}],"line":151},"14":{"loc":{"start":{"line":151,"column":6},"end":{"line":151,"column":52}},"type":"binary-expr","locations":[{"start":{"line":151,"column":6},"end":{"line":151,"column":20}},{"start":{"line":151,"column":24},"end":{"line":151,"column":35}},{"start":{"line":151,"column":39},"end":{"line":151,"column":52}}],"line":151},"15":{"loc":{"start":{"line":166,"column":2},"end":{"line":168,"column":3}},"type":"if","locations":[{"start":{"line":166,"column":2},"end":{"line":168,"column":3}},{"start":{},"end":{}}],"line":166},"16":{"loc":{"start":{"line":166,"column":6},"end":{"line":166,"column":76}},"type":"binary-expr","locations":[{"start":{"line":166,"column":6},"end":{"line":166,"column":21}},{"start":{"line":166,"column":25},"end":{"line":166,"column":34}},{"start":{"line":166,"column":38},"end":{"line":166,"column":47}},{"start":{"line":166,"column":51},"end":{"line":166,"column":62}},{"start":{"line":166,"column":66},"end":{"line":166,"column":76}}],"line":166},"17":{"loc":{"start":{"line":170,"column":2},"end":{"line":172,"column":3}},"type":"if","locations":[{"start":{"line":170,"column":2},"end":{"line":172,"column":3}},{"start":{},"end":{}}],"line":170},"18":{"loc":{"start":{"line":170,"column":6},"end":{"line":170,"column":73}},"type":"binary-expr","locations":[{"start":{"line":170,"column":6},"end":{"line":170,"column":40}},{"start":{"line":170,"column":44},"end":{"line":170,"column":73}}],"line":170},"19":{"loc":{"start":{"line":174,"column":2},"end":{"line":176,"column":3}},"type":"if","locations":[{"start":{"line":174,"column":2},"end":{"line":176,"column":3}},{"start":{},"end":{}}],"line":174},"20":{"loc":{"start":{"line":174,"column":6},"end":{"line":174,"column":39}},"type":"binary-expr","locations":[{"start":{"line":174,"column":6},"end":{"line":174,"column":21}},{"start":{"line":174,"column":25},"end":{"line":174,"column":39}}],"line":174}},"s":{"0":2,"1":2,"2":0,"3":0,"4":0,"5":0,"6":0,"7":0,"8":0,"9":0,"10":2,"11":0,"12":0,"13":0,"14":0,"15":0,"16":0,"17":2,"18":0,"19":0,"20":0,"21":0,"22":0,"23":0,"24":0,"25":0,"26":2,"27":0,"28":0,"29":0,"30":0,"31":0,"32":0,"33":0,"34":0,"35":0,"36":0,"37":0,"38":2,"39":0,"40":0,"41":0,"42":0,"43":0,"44":0,"45":0,"46":0,"47":2,"48":0,"49":0,"50":0,"51":0,"52":0,"53":0,"54":0,"55":0,"56":0,"57":2,"58":0,"59":0,"60":0,"61":0,"62":0,"63":0,"64":2,"65":0,"66":0,"67":0,"68":0,"69":0,"70":0,"71":0,"72":0,"73":0,"74":2,"75":5,"76":5,"77":1,"78":4,"79":1,"80":3,"81":1,"82":2,"83":2,"84":2,"85":2,"86":2},"f":{"0":0,"1":0,"2":0,"3":0,"4":0,"5":0,"6":0,"7":0,"8":5},"b":{"0":[0,0],"1":[0,0,0],"2":[0],"3":[0],"4":[0,0],"5":[0,0],"6":[0,0,0,0,0],"7":[0,0],"8":[0,0],"9":[0,0],"10":[0,0],"11":[0,0,0],"12":[0],"13":[0,0],"14":[0,0,0],"15":[1,4],"16":[5,4,4,4,4],"17":[1,3],"18":[4,4],"19":[1,2],"20":[3,2]},"_coverageSchema":"1a1c01bbd47fc00a2c39e90264f33305004495a9","hash":"c8dab2d7d60aa473c64d1ee51c1900f9ceb84ef1"}
,"/Users/srithanshmundlapudi/charultima-biochar-app/backend/controllers/farmController.js": {"path":"/Users/srithanshmundlapudi/charultima-biochar-app/backend/controllers/farmController.js","statementMap":{"0":{"start":{"line":1,"column":20},"end":{"line":1,"column":54}},"1":{"start":{"line":3,"column":19},"end":{"line":33,"column":1}},"2":{"start":{"line":4,"column":58},"end":{"line":4,"column":66}},"3":{"start":{"line":5,"column":17},"end":{"line":5,"column":27}},"4":{"start":{"line":8,"column":2},"end":{"line":12,"column":3}},"5":{"start":{"line":9,"column":4},"end":{"line":11,"column":87}},"6":{"start":{"line":14,"column":2},"end":{"line":16,"column":3}},"7":{"start":{"line":15,"column":4},"end":{"line":15,"column":85}},"8":{"start":{"line":18,"column":2},"end":{"line":20,"column":3}},"9":{"start":{"line":19,"column":4},"end":{"line":19,"column":66}},"10":{"start":{"line":22,"column":2},"end":{"line":32,"column":3}},"11":{"start":{"line":23,"column":17},"end":{"line":28,"column":6}},"12":{"start":{"line":29,"column":4},"end":{"line":29,"column":31}},"13":{"start":{"line":31,"column":4},"end":{"line":31,"column":49}},"14":{"start":{"line":35,"column":17},"end":{"line":44,"column":1}},"15":{"start":{"line":36,"column":17},"end":{"line":36,"column":27}},"16":{"start":{"line":38,"column":2},"end":{"line":43,"column":3}},"17":{"start":{"line":39,"column":18},"end":{"line":39,"column":58}},"18":{"start":{"line":40,"column":4},"end":{"line":40,"column":20}},"19":{"start":{"line":42,"column":4},"end":{"line":42,"column":49}},"20":{"start":{"line":46,"column":20},"end":{"line":59,"column":1}},"21":{"start":{"line":47,"column":17},"end":{"line":47,"column":27}},"22":{"start":{"line":48,"column":17},"end":{"line":48,"column":27}},"23":{"start":{"line":50,"column":2},"end":{"line":58,"column":3}},"24":{"start":{"line":51,"column":17},"end":{"line":51,"column":58}},"25":{"start":{"line":52,"column":4},"end":{"line":54,"column":5}},"26":{"start":{"line":53,"column":6},"end":{"line":53,"column":63}},"27":{"start":{"line":55,"column":4},"end":{"line":55,"column":19}},"28":{"start":{"line":57,"column":4},"end":{"line":57,"column":49}},"29":{"start":{"line":61,"column":0},"end":{"line":61,"column":55}}},"fnMap":{"0":{"name":"(anonymous_0)","decl":{"start":{"line":3,"column":19},"end":{"line":3,"column":20}},"loc":{"start":{"line":3,"column":39},"end":{"line":33,"column":1}},"line":3},"1":{"name":"(anonymous_1)","decl":{"start":{"line":35,"column":17},"end":{"line":35,"column":18}},"loc":{"start":{"line":35,"column":37},"end":{"line":44,"column":1}},"line":35},"2":{"name":"(anonymous_2)","decl":{"start":{"line":46,"column":20},"end":{"line":46,"column":21}},"loc":{"start":{"line":46,"column":40},"end":{"line":59,"column":1}},"line":46}},"branchMap":{"0":{"loc":{"start":{"line":8,"column":2},"end":{"line":12,"column":3}},"type":"if","locations":[{"start":{"line":8,"column":2},"end":{"line":12,"column":3}},{"start":{},"end":{}}],"line":8},"1":{"loc":{"start":{"line":8,"column":6},"end":{"line":8,"column":85}},"type":"binary-expr","locations":[{"start":{"line":8,"column":6},"end":{"line":8,"column":15}},{"start":{"line":8,"column":19},"end":{"line":8,"column":32}},{"start":{"line":8,"column":36},"end":{"line":8,"column":58}},{"start":{"line":8,"column":62},"end":{"line":8,"column":85}}],"line":8},"2":{"loc":{"start":{"line":14,"column":2},"end":{"line":16,"column":3}},"type":"if","locations":[{"start":{"line":14,"column":2},"end":{"line":16,"column":3}},{"start":{},"end":{}}],"line":14},"3":{"loc":{"start":{"line":14,"column":6},"end":{"line":14,"column":67}},"type":"binary-expr","locations":[{"start":{"line":14,"column":6},"end":{"line":14,"column":34}},{"start":{"line":14,"column":38},"end":{"line":14,"column":67}}],"line":14},"4":{"loc":{"start":{"line":18,"column":2},"end":{"line":20,"column":3}},"type":"if","locations":[{"start":{"line":18,"column":2},"end":{"line":20,"column":3}},{"start":{},"end":{}}],"line":18},"5":{"loc":{"start":{"line":18,"column":6},"end":{"line":18,"column":76}},"type":"binary-expr","locations":[{"start":{"line":18,"column":6},"end":{"line":18,"column":20}},{"start":{"line":18,"column":24},"end":{"line":18,"column":37}},{"start":{"line":18,"column":41},"end":{"line":18,"column":57}},{"start":{"line":18,"column":61},"end":{"line":18,"column":76}}],"line":18},"6":{"loc":{"start":{"line":52,"column":4},"end":{"line":54,"column":5}},"type":"if","locations":[{"start":{"line":52,"column":4},"end":{"line":54,"column":5}},{"start":{},"end":{}}],"line":52}},"s":{"0":2,"1":2,"2":3,"3":3,"4":3,"5":1,"6":2,"7":0,"8":2,"9":1,"10":1,"11":1,"12":1,"13":0,"14":2,"15":1,"16":1,"17":1,"18":1,"19":0,"20":2,"21":2,"22":2,"23":2,"24":2,"25":2,"26":1,"27":1,"28":0,"29":2},"f":{"0":3,"1":1,"2":2},"b":{"0":[1,2],"1":[3,3,2,2],"2":[0,2],"3":[2,2],"4":[1,1],"5":[2,2,1,1],"6":[1,1]},"_coverageSchema":"1a1c01bbd47fc00a2c39e90264f33305004495a9","hash":"d3858e082250c7c083cb90ca2867d16731191bce"}
,"/Users/srithanshmundlapudi/charultima-biochar-app/backend/routes/analyses.js": {"path":"/Users/srithanshmundlapudi/charultima-biochar-app/backend/routes/analyses.js","statementMap":{"0":{"start":{"line":1,"column":16},"end":{"line":1,"column":34}},"1":{"start":{"line":11,"column":4},"end":{"line":11,"column":48}},"2":{"start":{"line":12,"column":41},"end":{"line":12,"column":70}},"3":{"start":{"line":14,"column":15},"end":{"line":14,"column":31}},"4":{"start":{"line":20,"column":0},"end":{"line":20,"column":44}},"5":{"start":{"line":25,"column":0},"end":{"line":25,"column":21}},"6":{"start":{"line":26,"column":0},"end":{"line":29,"column":3}},"7":{"start":{"line":27,"column":2},"end":{"line":27,"column":39}},"8":{"start":{"line":28,"column":2},"end":{"line":28,"column":9}},"9":{"start":{"line":32,"column":0},"end":{"line":32,"column":33}},"10":{"start":{"line":33,"column":0},"end":{"line":33,"column":29}},"11":{"start":{"line":34,"column":0},"end":{"line":34,"column":35}},"12":{"start":{"line":35,"column":0},"end":{"line":35,"column":38}},"13":{"start":{"line":38,"column":0},"end":{"line":38,"column":33}},"14":{"start":{"line":39,"column":0},"end":{"line":39,"column":50}},"15":{"start":{"line":40,"column":0},"end":{"line":40,"column":60}},"16":{"start":{"line":42,"column":0},"end":{"line":42,"column":24}}},"fnMap":{"0":{"name":"(anonymous_0)","decl":{"start":{"line":26,"column":11},"end":{"line":26,"column":12}},"loc":{"start":{"line":26,"column":31},"end":{"line":29,"column":1}},"line":26}},"branchMap":{},"s":{"0":2,"1":2,"2":2,"3":2,"4":2,"5":2,"6":2,"7":0,"8":0,"9":2,"10":2,"11":2,"12":2,"13":2,"14":2,"15":2,"16":2},"f":{"0":0},"b":{},"_coverageSchema":"1a1c01bbd47fc00a2c39e90264f33305004495a9","hash":"82290da33bbbc62acd784bad3f43c26a15c84289"}
,"/Users/srithanshmundlapudi/charultima-biochar-app/backend/routes/farms.js": {"path":"/Users/srithanshmundlapudi/charultima-biochar-app/backend/routes/farms.js","statementMap":{"0":{"start":{"line":1,"column":16},"end":{"line":1,"column":34}},"1":{"start":{"line":2,"column":46},"end":{"line":2,"column":86}},"2":{"start":{"line":3,"column":41},"end":{"line":3,"column":70}},"3":{"start":{"line":5,"column":15},"end":{"line":5,"column":31}},"4":{"start":{"line":7,"column":0},"end":{"line":7,"column":21}},"5":{"start":{"line":8,"column":0},"end":{"line":11,"column":3}},"6":{"start":{"line":9,"column":2},"end":{"line":9,"column":39}},"7":{"start":{"line":10,"column":2},"end":{"line":10,"column":9}},"8":{"start":{"line":13,"column":0},"end":{"line":13,"column":29}},"9":{"start":{"line":14,"column":0},"end":{"line":14,"column":26}},"10":{"start":{"line":15,"column":0},"end":{"line":15,"column":32}},"11":{"start":{"line":17,"column":0},"end":{"line":17,"column":24}}},"fnMap":{"0":{"name":"(anonymous_0)","decl":{"start":{"line":8,"column":11},"end":{"line":8,"column":12}},"loc":{"start":{"line":8,"column":31},"end":{"line":11,"column":1}},"line":8}},"branchMap":{},"s":{"0":2,"1":2,"2":2,"3":2,"4":2,"5":2,"6":6,"7":6,"8":2,"9":2,"10":2,"11":2},"f":{"0":6},"b":{},"_coverageSchema":"1a1c01bbd47fc00a2c39e90264f33305004495a9","hash":"2dcd29a10df9ba8cda4d2db277582d21e712f493"}
,"/Users/srithanshmundlapudi/charultima-biochar-app/backend/services/analysisService.js": {"path":"/Users/srithanshmundlapudi/charultima-biochar-app/backend/services/analysisService.js","statementMap":{"0":{"start":{"line":1,"column":13},"end":{"line":1,"column":34}},"1":{"start":{"line":4,"column":18},"end":{"line":9,"column":1}},"2":{"start":{"line":11,"column":18},"end":{"line":21,"column":1}},"3":{"start":{"line":23,"column":24},"end":{"line":23,"column":31}},"4":{"start":{"line":24,"column":32},"end":{"line":24,"column":35}},"5":{"start":{"line":25,"column":30},"end":{"line":25,"column":33}},"6":{"start":{"line":26,"column":24},"end":{"line":26,"column":26}},"7":{"start":{"line":32,"column":37},"end":{"line":36,"column":1}},"8":{"start":{"line":33,"column":23},"end":{"line":33,"column":48}},"9":{"start":{"line":34,"column":23},"end":{"line":34,"column":48}},"10":{"start":{"line":35,"column":2},"end":{"line":35,"column":43}},"11":{"start":{"line":38,"column":32},"end":{"line":63,"column":1}},"12":{"start":{"line":39,"column":26},"end":{"line":39,"column":61}},"13":{"start":{"line":41,"column":2},"end":{"line":49,"column":3}},"14":{"start":{"line":42,"column":4},"end":{"line":48,"column":6}},"15":{"start":{"line":51,"column":24},"end":{"line":51,"column":91}},"16":{"start":{"line":52,"column":26},"end":{"line":52,"column":57}},"17":{"start":{"line":53,"column":24},"end":{"line":53,"column":56}},"18":{"start":{"line":54,"column":23},"end":{"line":54,"column":54}},"19":{"start":{"line":56,"column":2},"end":{"line":62,"column":4}},"20":{"start":{"line":65,"column":28},"end":{"line":85,"column":1}},"21":{"start":{"line":66,"column":26},"end":{"line":66,"column":28}},"22":{"start":{"line":68,"column":2},"end":{"line":70,"column":5}},"23":{"start":{"line":69,"column":4},"end":{"line":69,"column":96}},"24":{"start":{"line":72,"column":16},"end":{"line":72,"column":50}},"25":{"start":{"line":73,"column":23},"end":{"line":76,"column":3}},"26":{"start":{"line":74,"column":16},"end":{"line":74,"column":52}},"27":{"start":{"line":78,"column":2},"end":{"line":82,"column":4}},"28":{"start":{"line":84,"column":2},"end":{"line":84,"column":25}},"29":{"start":{"line":91,"column":21},"end":{"line":121,"column":1}},"30":{"start":{"line":101,"column":6},"end":{"line":101,"column":18}},"31":{"start":{"line":103,"column":17},"end":{"line":118,"column":3}},"32":{"start":{"line":120,"column":2},"end":{"line":120,"column":24}},"33":{"start":{"line":123,"column":26},"end":{"line":145,"column":1}},"34":{"start":{"line":124,"column":14},"end":{"line":124,"column":57}},"35":{"start":{"line":125,"column":15},"end":{"line":125,"column":23}},"36":{"start":{"line":126,"column":19},"end":{"line":126,"column":20}},"37":{"start":{"line":128,"column":2},"end":{"line":132,"column":3}},"38":{"start":{"line":129,"column":4},"end":{"line":129,"column":45}},"39":{"start":{"line":130,"column":4},"end":{"line":130,"column":24}},"40":{"start":{"line":131,"column":4},"end":{"line":131,"column":17}},"41":{"start":{"line":134,"column":2},"end":{"line":138,"column":3}},"42":{"start":{"line":135,"column":4},"end":{"line":135,"column":127}},"43":{"start":{"line":136,"column":4},"end":{"line":136,"column":31}},"44":{"start":{"line":137,"column":4},"end":{"line":137,"column":17}},"45":{"start":{"line":140,"column":2},"end":{"line":140,"column":86}},"46":{"start":{"line":141,"column":2},"end":{"line":141,"column":29}},"47":{"start":{"line":143,"column":17},"end":{"line":143,"column":48}},"48":{"start":{"line":144,"column":2},"end":{"line":144,"column":21}},"49":{"start":{"line":147,"column":24},"end":{"line":153,"column":1}},"50":{"start":{"line":148,"column":17},"end":{"line":151,"column":3}},"51":{"start":{"line":152,"column":2},"end":{"line":152,"column":24}},"52":{"start":{"line":155,"column":23},"end":{"line":166,"column":1}},"53":{"start":{"line":156,"column":79},"end":{"line":156,"column":83}},"54":{"start":{"line":158,"column":17},"end":{"line":163,"column":3}},"55":{"start":{"line":165,"column":2},"end":{"line":165,"column":24}},"56":{"start":{"line":168,"column":23},"end":{"line":174,"column":1}},"57":{"start":{"line":169,"column":17},"end":{"line":172,"column":3}},"58":{"start":{"line":173,"column":2},"end":{"line":173,"column":24}},"59":{"start":{"line":180,"column":26},"end":{"line":201,"column":1}},"60":{"start":{"line":181,"column":14},"end":{"line":189,"column":3}},"61":{"start":{"line":190,"column":15},"end":{"line":190,"column":39}},"62":{"start":{"line":192,"column":2},"end":{"line":195,"column":3}},"63":{"start":{"line":193,"column":4},"end":{"line":193,"column":33}},"64":{"start":{"line":194,"column":4},"end":{"line":194,"column":24}},"65":{"start":{"line":197,"column":2},"end":{"line":197,"column":59}},"66":{"start":{"line":199,"column":17},"end":{"line":199,"column":48}},"67":{"start":{"line":200,"column":2},"end":{"line":200,"column":21}},"68":{"start":{"line":203,"column":26},"end":{"line":224,"column":1}},"69":{"start":{"line":204,"column":14},"end":{"line":214,"column":3}},"70":{"start":{"line":215,"column":15},"end":{"line":215,"column":23}},"71":{"start":{"line":217,"column":2},"end":{"line":220,"column":3}},"72":{"start":{"line":218,"column":4},"end":{"line":218,"column":33}},"73":{"start":{"line":219,"column":4},"end":{"line":219,"column":24}},"74":{"start":{"line":222,"column":17},"end":{"line":222,"column":48}},"75":{"start":{"line":223,"column":2},"end":{"line":223,"column":24}},"76":{"start":{"line":226,"column":31},"end":{"line":290,"column":1}},"77":{"start":{"line":228,"column":21},"end":{"line":240,"column":3}},"78":{"start":{"line":241,"column":22},"end":{"line":241,"column":54}},"79":{"start":{"line":242,"column":22},"end":{"line":242,"column":63}},"80":{"start":{"line":245,"column":21},"end":{"line":256,"column":3}},"81":{"start":{"line":257,"column":22},"end":{"line":257,"column":54}},"82":{"start":{"line":258,"column":22},"end":{"line":258,"column":63}},"83":{"start":{"line":261,"column":20},"end":{"line":273,"column":3}},"84":{"start":{"line":274,"column":21},"end":{"line":274,"column":53}},"85":{"start":{"line":275,"column":21},"end":{"line":275,"column":60}},"86":{"start":{"line":277,"column":2},"end":{"line":289,"column":4}},"87":{"start":{"line":292,"column":0},"end":{"line":306,"column":2}}},"fnMap":{"0":{"name":"(anonymous_0)","decl":{"start":{"line":32,"column":37},"end":{"line":32,"column":38}},"loc":{"start":{"line":32,"column":61},"end":{"line":36,"column":1}},"line":32},"1":{"name":"(anonymous_1)","decl":{"start":{"line":38,"column":32},"end":{"line":38,"column":33}},"loc":{"start":{"line":38,"column":88},"end":{"line":63,"column":1}},"line":38},"2":{"name":"(anonymous_2)","decl":{"start":{"line":65,"column":28},"end":{"line":65,"column":29}},"loc":{"start":{"line":65,"column":85},"end":{"line":85,"column":1}},"line":65},"3":{"name":"(anonymous_3)","decl":{"start":{"line":68,"column":41},"end":{"line":68,"column":42}},"loc":{"start":{"line":68,"column":60},"end":{"line":70,"column":3}},"line":68},"4":{"name":"(anonymous_4)","decl":{"start":{"line":74,"column":4},"end":{"line":74,"column":5}},"loc":{"start":{"line":74,"column":16},"end":{"line":74,"column":52}},"line":74},"5":{"name":"(anonymous_5)","decl":{"start":{"line":91,"column":21},"end":{"line":91,"column":22}},"loc":{"start":{"line":91,"column":61},"end":{"line":121,"column":1}},"line":91},"6":{"name":"(anonymous_6)","decl":{"start":{"line":123,"column":26},"end":{"line":123,"column":27}},"loc":{"start":{"line":123,"column":99},"end":{"line":145,"column":1}},"line":123},"7":{"name":"(anonymous_7)","decl":{"start":{"line":147,"column":24},"end":{"line":147,"column":25}},"loc":{"start":{"line":147,"column":46},"end":{"line":153,"column":1}},"line":147},"8":{"name":"(anonymous_8)","decl":{"start":{"line":155,"column":23},"end":{"line":155,"column":24}},"loc":{"start":{"line":155,"column":51},"end":{"line":166,"column":1}},"line":155},"9":{"name":"(anonymous_9)","decl":{"start":{"line":168,"column":23},"end":{"line":168,"column":24}},"loc":{"start":{"line":168,"column":45},"end":{"line":174,"column":1}},"line":168},"10":{"name":"(anonymous_10)","decl":{"start":{"line":180,"column":26},"end":{"line":180,"column":27}},"loc":{"start":{"line":180,"column":70},"end":{"line":201,"column":1}},"line":180},"11":{"name":"(anonymous_11)","decl":{"start":{"line":203,"column":26},"end":{"line":203,"column":27}},"loc":{"start":{"line":203,"column":59},"end":{"line":224,"column":1}},"line":203},"12":{"name":"(anonymous_12)","decl":{"start":{"line":226,"column":31},"end":{"line":226,"column":32}},"loc":{"start":{"line":226,"column":75},"end":{"line":290,"column":1}},"line":226}},"branchMap":{"0":{"loc":{"start":{"line":33,"column":23},"end":{"line":33,"column":48}},"type":"binary-expr","locations":[{"start":{"line":33,"column":23},"end":{"line":33,"column":42}},{"start":{"line":33,"column":46},"end":{"line":33,"column":48}}],"line":33},"1":{"loc":{"start":{"line":34,"column":23},"end":{"line":34,"column":48}},"type":"binary-expr","locations":[{"start":{"line":34,"column":23},"end":{"line":34,"column":42}},{"start":{"line":34,"column":46},"end":{"line":34,"column":48}}],"line":34},"2":{"loc":{"start":{"line":41,"column":2},"end":{"line":49,"column":3}},"type":"if","locations":[{"start":{"line":41,"column":2},"end":{"line":49,"column":3}},{"start":{},"end":{}}],"line":41},"3":{"loc":{"start":{"line":74,"column":33},"end":{"line":74,"column":51}},"type":"binary-expr","locations":[{"start":{"line":74,"column":33},"end":{"line":74,"column":46}},{"start":{"line":74,"column":50},"end":{"line":74,"column":51}}],"line":74},"4":{"loc":{"start":{"line":123,"column":41},"end":{"line":123,"column":54}},"type":"default-arg","locations":[{"start":{"line":123,"column":50},"end":{"line":123,"column":54}}],"line":123},"5":{"loc":{"start":{"line":123,"column":56},"end":{"line":123,"column":67}},"type":"default-arg","locations":[{"start":{"line":123,"column":64},"end":{"line":123,"column":67}}],"line":123},"6":{"loc":{"start":{"line":123,"column":69},"end":{"line":123,"column":79}},"type":"default-arg","locations":[{"start":{"line":123,"column":78},"end":{"line":123,"column":79}}],"line":123},"7":{"loc":{"start":{"line":123,"column":81},"end":{"line":123,"column":94}},"type":"default-arg","locations":[{"start":{"line":123,"column":90},"end":{"line":123,"column":94}}],"line":123},"8":{"loc":{"start":{"line":128,"column":2},"end":{"line":132,"column":3}},"type":"if","locations":[{"start":{"line":128,"column":2},"end":{"line":132,"column":3}},{"start":{},"end":{}}],"line":128},"9":{"loc":{"start":{"line":134,"column":2},"end":{"line":138,"column":3}},"type":"if","locations":[{"start":{"line":134,"column":2},"end":{"line":138,"column":3}},{"start":{},"end":{}}],"line":134},"10":{"loc":{"start":{"line":180,"column":41},"end":{"line":180,"column":54}},"type":"default-arg","locations":[{"start":{"line":180,"column":50},"end":{"line":180,"column":54}}],"line":180},"11":{"loc":{"start":{"line":180,"column":56},"end":{"line":180,"column":65}},"type":"default-arg","locations":[{"start":{"line":180,"column":63},"end":{"line":180,"column":65}}],"line":180},"12":{"loc":{"start":{"line":192,"column":2},"end":{"line":195,"column":3}},"type":"if","locations":[{"start":{"line":192,"column":2},"end":{"line":195,"column":3}},{"start":{},"end":{}}],"line":192},"13":{"loc":{"start":{"line":203,"column":41},"end":{"line":203,"column":54}},"type":"default-arg","locations":[{"start":{"line":203,"column":50},"end":{"line":203,"column":54}}],"line":203},"14":{"loc":{"start":{"line":217,"column":2},"end":{"line":220,"column":3}},"type":"if","locations":[{"start":{"line":217,"column":2},"end":{"line":220,"column":3}},{"start":{},"end":{}}],"line":217},"15":{"loc":{"start":{"line":226,"column":46},"end":{"line":226,"column":59}},"type":"default-arg","locations":[{"start":{"line":226,"column":55},"end":{"line":226,"column":59}}],"line":226},"16":{"loc":{"start":{"line":226,"column":61},"end":{"line":226,"column":70}},"type":"default-arg","locations":[{"start":{"line":226,"column":68},"end":{"line":226,"column":70}}],"line":226},"17":{"loc":{"start":{"line":238,"column":6},"end":{"line":238,"column":38}},"type":"cond-expr","locations":[{"start":{"line":238,"column":15},"end":{"line":238,"column":33}},{"start":{"line":238,"column":36},"end":{"line":238,"column":38}}],"line":238},"18":{"loc":{"start":{"line":252,"column":6},"end":{"line":252,"column":38}},"type":"cond-expr","locations":[{"start":{"line":252,"column":15},"end":{"line":252,"column":33}},{"start":{"line":252,"column":36},"end":{"line":252,"column":38}}],"line":252},"19":{"loc":{"start":{"line":271,"column":6},"end":{"line":271,"column":38}},"type":"cond-expr","locations":[{"start":{"line":271,"column":15},"end":{"line":271,"column":33}},{"start":{"line":271,"column":36},"end":{"line":271,"column":38}}],"line":271},"20":{"loc":{"start":{"line":278,"column":11},"end":{"line":285,"column":5}},"type":"binary-expr","locations":[{"start":{"line":278,"column":11},"end":{"line":278,"column":30}},{"start":{"line":278,"column":34},"end":{"line":285,"column":5}}],"line":278}},"s":{"0":2,"1":2,"2":2,"3":2,"4":2,"5":2,"6":2,"7":2,"8":2,"9":2,"10":2,"11":2,"12":5,"13":5,"14":0,"15":5,"16":5,"17":5,"18":5,"19":5,"20":2,"21":2,"22":2,"23":5,"24":2,"25":2,"26":5,"27":2,"28":2,"29":2,"30":0,"31":0,"32":0,"33":2,"34":0,"35":0,"36":0,"37":0,"38":0,"39":0,"40":0,"41":0,"42":0,"43":0,"44":0,"45":0,"46":0,"47":0,"48":0,"49":2,"50":0,"51":0,"52":2,"53":0,"54":0,"55":0,"56":2,"57":0,"58":0,"59":2,"60":0,"61":0,"62":0,"63":0,"64":0,"65":0,"66":0,"67":0,"68":2,"69":0,"70":0,"71":0,"72":0,"73":0,"74":0,"75":0,"76":2,"77":0,"78":0,"79":0,"80":0,"81":0,"82":0,"83":0,"84":0,"85":0,"86":0,"87":2},"f":{"0":2,"1":5,"2":2,"3":5,"4":5,"5":0,"6":0,"7":0,"8":0,"9":0,"10":0,"11":0,"12":0},"b":{"0":[2,0],"1":[2,0],"2":[0,5],"3":[5,0],"4":[0],"5":[0],"6":[0],"7":[0],"8":[0,0],"9":[0,0],"10":[0],"11":[0],"12":[0,0],"13":[0],"14":[0,0],"15":[0],"16":[0],"17":[0,0],"18":[0,0],"19":[0,0],"20":[0,0]},"_coverageSchema":"1a1c01bbd47fc00a2c39e90264f33305004495a9","hash":"7af0021a391d64840867be8623db8c4e40200f57"}
,"/Users/srithanshmundlapudi/charultima-biochar-app/backend/services/farmService.js": {"path":"/Users/srithanshmundlapudi/charultima-biochar-app/backend/services/farmService.js","statementMap":{"0":{"start":{"line":1,"column":13},"end":{"line":1,"column":34}},"1":{"start":{"line":3,"column":19},"end":{"line":13,"column":1}},"2":{"start":{"line":4,"column":58},"end":{"line":4,"column":66}},"3":{"start":{"line":6,"column":17},"end":{"line":10,"column":3}},"4":{"start":{"line":12,"column":2},"end":{"line":12,"column":24}},"5":{"start":{"line":15,"column":23},"end":{"line":21,"column":1}},"6":{"start":{"line":16,"column":17},"end":{"line":19,"column":3}},"7":{"start":{"line":20,"column":2},"end":{"line":20,"column":21}},"8":{"start":{"line":23,"column":20},"end":{"line":29,"column":1}},"9":{"start":{"line":24,"column":17},"end":{"line":27,"column":4}},"10":{"start":{"line":28,"column":2},"end":{"line":28,"column":24}},"11":{"start":{"line":31,"column":0},"end":{"line":31,"column":61}}},"fnMap":{"0":{"name":"(anonymous_0)","decl":{"start":{"line":3,"column":19},"end":{"line":3,"column":20}},"loc":{"start":{"line":3,"column":47},"end":{"line":13,"column":1}},"line":3},"1":{"name":"(anonymous_1)","decl":{"start":{"line":15,"column":23},"end":{"line":15,"column":24}},"loc":{"start":{"line":15,"column":41},"end":{"line":21,"column":1}},"line":15},"2":{"name":"(anonymous_2)","decl":{"start":{"line":23,"column":20},"end":{"line":23,"column":21}},"loc":{"start":{"line":23,"column":46},"end":{"line":29,"column":1}},"line":23}},"branchMap":{},"s":{"0":2,"1":2,"2":1,"3":1,"4":1,"5":2,"6":1,"7":1,"8":2,"9":2,"10":2,"11":2},"f":{"0":1,"1":1,"2":2},"b":{},"_coverageSchema":"1a1c01bbd47fc00a2c39e90264f33305004495a9","hash":"6052688729f3f9b1b7252c8267cabcaad0276080"}
}
