TN:
SF:server.js
FN:26,(anonymous_0)
FN:48,(anonymous_1)
FN:56,(anonymous_2)
FN:68,(anonymous_3)
FN:104,(anonymous_4)
FN:120,(anonymous_5)
FN:181,(anonymous_6)
FN:192,(anonymous_7)
FN:195,(anonymous_8)
FN:203,(anonymous_9)
FNF:10
FNH:2
FNDA:16,(anonymous_0)
FNDA:0,(anonymous_1)
FNDA:1,(anonymous_2)
FNDA:0,(anonymous_3)
FNDA:0,(anonymous_4)
FNDA:0,(anonymous_5)
FNDA:0,(anonymous_6)
FNDA:0,(anonymous_7)
FNDA:0,(anonymous_8)
FNDA:0,(anonymous_9)
DA:1,2
DA:2,2
DA:3,2
DA:4,2
DA:5,2
DA:6,2
DA:7,2
DA:8,2
DA:10,2
DA:12,2
DA:13,2
DA:14,2
DA:15,2
DA:17,2
DA:20,2
DA:21,2
DA:22,2
DA:25,2
DA:27,16
DA:34,2
DA:42,2
DA:47,2
DA:48,2
DA:49,0
DA:50,0
DA:56,2
DA:57,1
DA:58,1
DA:59,1
DA:61,0
DA:68,2
DA:69,0
DA:71,0
DA:72,0
DA:75,0
DA:76,0
DA:78,0
DA:79,0
DA:85,0
DA:87,0
DA:94,2
DA:99,2
DA:104,2
DA:105,0
DA:106,0
DA:107,0
DA:108,0
DA:113,0
DA:120,2
DA:121,0
DA:122,0
DA:125,0
DA:126,0
DA:135,0
DA:147,0
DA:164,0
DA:172,0
DA:174,0
DA:181,2
DA:182,0
DA:183,0
DA:189,2
DA:191,2
DA:192,0
DA:193,0
DA:195,0
DA:196,0
DA:197,0
DA:198,0
DA:199,0
DA:203,0
DA:204,0
DA:208,0
DA:211,2
LF:74
LH:36
BRDA:36,0,0,0
BRDA:36,0,1,2
BRDA:71,1,0,0
BRDA:71,1,1,0
BRDA:71,2,0,0
BRDA:71,2,1,0
BRDA:78,3,0,0
BRDA:78,3,1,0
BRDA:121,4,0,0
BRDA:121,4,1,0
BRDA:183,5,0,0
BRDA:183,5,1,0
BRDA:189,6,0,2
BRDA:189,6,1,0
BRDA:191,7,0,0
BRDA:191,7,1,2
BRDA:197,8,0,0
BRDA:197,8,1,0
BRF:18
BRH:3
end_of_record
TN:
SF:swagger.js
FNF:0
FNH:0
DA:1,2
DA:3,2
DA:87,2
LF:3
LH:3
BRF:0
BRH:0
end_of_record
TN:
SF:controllers/analysisController.js
FN:7,(anonymous_0)
FN:12,(anonymous_1)
FN:18,(anonymous_2)
FN:57,(anonymous_3)
FN:82,(anonymous_4)
FN:105,(anonymous_5)
FN:129,(anonymous_6)
FN:156,(anonymous_7)
FN:175,(anonymous_8)
FN:199,(anonymous_9)
FNF:10
FNH:5
FNDA:2,(anonymous_0)
FNDA:0,(anonymous_1)
FNDA:1,(anonymous_2)
FNDA:0,(anonymous_3)
FNDA:1,(anonymous_4)
FNDA:1,(anonymous_5)
FNDA:0,(anonymous_6)
FNDA:0,(anonymous_7)
FNDA:0,(anonymous_8)
FNDA:5,(anonymous_9)
DA:1,2
DA:2,2
DA:4,2
DA:7,2
DA:8,2
DA:12,2
DA:13,0
DA:14,0
DA:15,0
DA:18,2
DA:29,1
DA:30,1
DA:32,1
DA:33,1
DA:36,0
DA:37,0
DA:49,0
DA:51,0
DA:53,0
DA:57,2
DA:58,0
DA:59,0
DA:61,0
DA:62,0
DA:63,0
DA:64,0
DA:66,0
DA:67,0
DA:70,0
DA:72,0
DA:73,0
DA:76,0
DA:78,0
DA:82,2
DA:83,1
DA:84,1
DA:86,1
DA:87,1
DA:88,1
DA:89,1
DA:91,1
DA:92,0
DA:95,1
DA:97,0
DA:99,0
DA:101,1
DA:105,2
DA:106,1
DA:107,1
DA:108,1
DA:110,1
DA:111,1
DA:112,1
DA:113,1
DA:115,1
DA:116,0
DA:119,1
DA:121,0
DA:123,0
DA:125,1
DA:129,2
DA:130,0
DA:131,0
DA:132,0
DA:134,0
DA:135,0
DA:143,0
DA:144,0
DA:148,0
DA:150,0
DA:152,0
DA:156,2
DA:157,0
DA:158,0
DA:160,0
DA:161,0
DA:162,0
DA:163,0
DA:167,0
DA:169,0
DA:171,0
DA:175,2
DA:176,0
DA:177,0
DA:178,0
DA:180,0
DA:181,0
DA:182,0
DA:183,0
DA:185,0
DA:186,0
DA:189,0
DA:191,0
DA:193,0
DA:195,0
DA:199,2
DA:200,5
DA:202,5
DA:203,1
DA:206,4
DA:207,1
DA:210,3
DA:211,1
DA:214,2
DA:215,2
DA:216,2
DA:222,2
DA:225,2
LF:108
LH:49
BRDA:7,0,0,2
BRDA:8,1,0,0
BRDA:8,1,1,2
BRDA:32,2,0,1
BRDA:32,2,1,0
BRDA:32,3,0,1
BRDA:32,3,1,0
BRDA:32,3,2,0
BRDA:59,4,0,0
BRDA:59,5,0,0
BRDA:66,6,0,0
BRDA:66,6,1,0
BRDA:72,7,0,0
BRDA:72,7,1,0
BRDA:72,8,0,0
BRDA:72,8,1,0
BRDA:91,9,0,0
BRDA:91,9,1,1
BRDA:108,10,0,0
BRDA:108,10,1,1
BRDA:115,11,0,0
BRDA:115,11,1,1
BRDA:143,12,0,0
BRDA:143,12,1,0
BRDA:162,13,0,0
BRDA:162,13,1,0
BRDA:177,14,0,0
BRDA:185,15,0,0
BRDA:185,15,1,0
BRDA:202,16,0,1
BRDA:202,16,1,4
BRDA:202,17,0,5
BRDA:202,17,1,4
BRDA:202,17,2,4
BRDA:202,17,3,4
BRDA:202,17,4,4
BRDA:206,18,0,1
BRDA:206,18,1,3
BRDA:206,19,0,4
BRDA:206,19,1,4
BRDA:210,20,0,1
BRDA:210,20,1,2
BRDA:210,21,0,3
BRDA:210,21,1,2
BRF:44
BRH:22
end_of_record
TN:
SF:controllers/farmController.js
FN:3,(anonymous_0)
FN:38,(anonymous_1)
FN:52,(anonymous_2)
FNF:3
FNH:3
FNDA:3,(anonymous_0)
FNDA:1,(anonymous_1)
FNDA:3,(anonymous_2)
DA:1,2
DA:3,2
DA:4,3
DA:5,3
DA:8,3
DA:9,1
DA:14,2
DA:15,0
DA:18,2
DA:19,1
DA:22,1
DA:23,1
DA:29,1
DA:31,0
DA:32,0
DA:34,0
DA:38,2
DA:39,1
DA:41,1
DA:42,1
DA:43,1
DA:45,0
DA:46,0
DA:48,0
DA:52,2
DA:53,3
DA:54,3
DA:56,3
DA:57,3
DA:58,2
DA:59,1
DA:61,1
DA:63,1
DA:64,1
DA:66,0
DA:70,2
LF:36
LH:28
BRDA:8,0,0,1
BRDA:8,0,1,2
BRDA:8,1,0,3
BRDA:8,1,1,3
BRDA:8,1,2,2
BRDA:8,1,3,2
BRDA:14,2,0,0
BRDA:14,2,1,2
BRDA:14,3,0,2
BRDA:14,3,1,2
BRDA:18,4,0,1
BRDA:18,4,1,1
BRDA:18,5,0,2
BRDA:18,5,1,2
BRDA:18,5,2,1
BRDA:18,5,3,1
BRDA:31,6,0,0
BRDA:31,6,1,0
BRDA:45,7,0,0
BRDA:45,7,1,0
BRDA:58,8,0,1
BRDA:58,8,1,1
BRDA:63,9,0,1
BRDA:63,9,1,0
BRF:24
BRH:18
end_of_record
TN:
SF:db/pool.js
FNF:0
FNH:0
DA:1,1
DA:3,1
DA:7,1
LF:3
LH:3
BRF:0
BRH:0
end_of_record
TN:
SF:routes/analyses.js
FN:74,(anonymous_0)
FNF:1
FNH:1
FNDA:3,(anonymous_0)
DA:1,2
DA:11,2
DA:12,2
DA:14,2
DA:68,2
DA:73,2
DA:74,2
DA:75,3
DA:76,3
DA:144,2
DA:145,2
DA:205,2
DA:206,2
DA:233,2
DA:254,2
DA:280,2
DA:282,2
LF:17
LH:17
BRF:0
BRH:0
end_of_record
TN:
SF:routes/farms.js
FN:15,(anonymous_0)
FNF:1
FNH:1
FNDA:7,(anonymous_0)
DA:1,2
DA:2,2
DA:3,2
DA:5,2
DA:14,2
DA:15,2
DA:16,7
DA:17,7
DA:54,2
DA:80,2
DA:117,2
DA:119,2
LF:12
LH:12
BRF:0
BRH:0
end_of_record
TN:
SF:services/analysisService.js
FN:31,(anonymous_0)
FN:53,(anonymous_1)
FN:59,(anonymous_2)
FN:86,(anonymous_3)
FN:89,(anonymous_4)
FN:95,(anonymous_5)
FN:112,(anonymous_6)
FN:147,(anonymous_7)
FN:174,(anonymous_8)
FN:185,(anonymous_9)
FN:201,(anonymous_10)
FN:216,(anonymous_11)
FN:242,(anonymous_12)
FN:268,(anonymous_13)
FNF:14
FNH:8
FNDA:2,(anonymous_0)
FNDA:5,(anonymous_1)
FNDA:10,(anonymous_2)
FNDA:4,(anonymous_3)
FNDA:8,(anonymous_4)
FNDA:8,(anonymous_5)
FNDA:0,(anonymous_6)
FNDA:0,(anonymous_7)
FNDA:0,(anonymous_8)
FNDA:0,(anonymous_9)
FNDA:0,(anonymous_10)
FNDA:1,(anonymous_11)
FNDA:1,(anonymous_12)
FNDA:0,(anonymous_13)
DA:1,3
DA:4,3
DA:11,3
DA:23,3
DA:24,3
DA:25,3
DA:26,3
DA:31,3
DA:32,2
DA:37,2
DA:39,0
DA:43,0
DA:46,0
DA:53,3
DA:54,5
DA:55,5
DA:56,5
DA:59,3
DA:60,10
DA:62,10
DA:63,1
DA:72,9
DA:73,9
DA:74,9
DA:75,9
DA:77,9
DA:86,3
DA:87,4
DA:89,4
DA:90,8
DA:93,4
DA:94,4
DA:95,8
DA:99,4
DA:105,4
DA:112,3
DA:114,0
DA:125,0
DA:127,0
DA:144,0
DA:147,3
DA:149,0
DA:151,0
DA:152,0
DA:153,0
DA:155,0
DA:156,0
DA:157,0
DA:158,0
DA:161,0
DA:162,0
DA:163,0
DA:164,0
DA:167,0
DA:168,0
DA:170,0
DA:171,0
DA:174,3
DA:176,0
DA:178,0
DA:182,0
DA:185,3
DA:187,0
DA:189,0
DA:191,0
DA:198,0
DA:201,3
DA:203,0
DA:205,0
DA:209,0
DA:216,3
DA:218,1
DA:220,0
DA:229,0
DA:231,0
DA:232,0
DA:233,0
DA:236,0
DA:238,0
DA:239,0
DA:242,3
DA:244,1
DA:246,0
DA:257,0
DA:259,0
DA:260,0
DA:261,0
DA:264,0
DA:265,0
DA:268,3
DA:270,0
DA:273,0
DA:286,0
DA:287,0
DA:290,0
DA:302,0
DA:303,0
DA:306,0
DA:319,0
DA:320,0
DA:322,0
DA:337,3
LF:102
LH:43
BRDA:37,0,0,0
BRDA:37,0,1,0
BRDA:54,1,0,5
BRDA:54,1,1,1
BRDA:55,2,0,5
BRDA:55,2,1,1
BRDA:62,3,0,1
BRDA:62,3,1,9
BRDA:95,4,0,8
BRDA:95,4,1,0
BRDA:147,5,0,0
BRDA:147,6,0,0
BRDA:147,7,0,0
BRDA:147,8,0,0
BRDA:155,9,0,0
BRDA:155,9,1,0
BRDA:161,10,0,0
BRDA:161,10,1,0
BRDA:216,11,0,1
BRDA:216,12,0,0
BRDA:231,13,0,0
BRDA:231,13,1,0
BRDA:242,14,0,1
BRDA:259,15,0,0
BRDA:259,15,1,0
BRDA:268,16,0,0
BRDA:268,17,0,0
BRDA:283,18,0,0
BRDA:283,18,1,0
BRDA:297,19,0,0
BRDA:297,19,1,0
BRDA:316,20,0,0
BRDA:316,20,1,0
BRDA:323,21,0,0
BRDA:323,21,1,0
BRF:35
BRH:9
end_of_record
TN:
SF:services/cacheService.js
FN:13,(anonymous_0)
FN:18,(anonymous_1)
FN:19,(anonymous_2)
FN:22,(anonymous_3)
FN:32,(anonymous_4)
FN:38,(anonymous_5)
FN:39,(anonymous_6)
FN:49,(anonymous_7)
FN:54,(anonymous_8)
FN:79,(anonymous_9)
FN:91,(anonymous_10)
FN:103,(anonymous_11)
FN:127,(anonymous_12)
FNF:13
FNH:5
FNDA:2,(anonymous_0)
FNDA:0,(anonymous_1)
FNDA:0,(anonymous_2)
FNDA:6,(anonymous_3)
FNDA:0,(anonymous_4)
FNDA:0,(anonymous_5)
FNDA:0,(anonymous_6)
FNDA:0,(anonymous_7)
FNDA:3,(anonymous_8)
FNDA:1,(anonymous_9)
FNDA:1,(anonymous_10)
FNDA:0,(anonymous_11)
FNDA:0,(anonymous_12)
DA:1,3
DA:3,3
DA:8,3
DA:9,3
DA:10,3
DA:11,3
DA:13,3
DA:18,0
DA:19,0
DA:22,3
DA:23,6
DA:24,6
DA:25,6
DA:26,6
DA:32,3
DA:33,0
DA:34,0
DA:38,0
DA:39,0
DA:41,0
DA:42,0
DA:44,0
DA:45,0
DA:49,3
DA:54,3
DA:55,3
DA:56,3
DA:57,0
DA:58,0
DA:59,0
DA:61,0
DA:62,0
DA:63,0
DA:64,0
DA:65,0
DA:66,0
DA:68,0
DA:69,0
DA:70,0
DA:71,0
DA:72,0
DA:74,0
DA:75,0
DA:79,3
DA:80,1
DA:81,1
DA:82,0
DA:83,0
DA:84,0
DA:86,0
DA:87,0
DA:91,3
DA:92,1
DA:93,1
DA:94,0
DA:95,0
DA:96,0
DA:98,0
DA:99,0
DA:103,3
DA:104,0
DA:105,0
DA:106,0
DA:107,0
DA:112,0
DA:113,0
DA:114,0
DA:116,0
DA:117,0
DA:119,0
DA:120,0
DA:127,3
DA:128,0
DA:129,0
DA:130,0
DA:131,0
DA:132,0
DA:133,0
DA:134,0
DA:135,0
DA:136,0
DA:139,3
LF:82
LH:26
BRDA:17,0,0,2
BRDA:17,0,1,0
BRDA:18,1,0,2
BRDA:18,1,1,0
BRDA:19,2,0,2
BRDA:19,2,1,0
BRDA:35,3,0,0
BRDA:35,3,1,0
BRDA:56,4,0,3
BRDA:56,4,1,0
BRDA:61,5,0,0
BRDA:61,5,1,0
BRDA:79,6,0,1
BRDA:81,7,0,1
BRDA:81,7,1,0
BRDA:93,8,0,1
BRDA:93,8,1,0
BRDA:105,9,0,0
BRDA:105,9,1,0
BRF:19
BRH:7
end_of_record
TN:
SF:services/farmService.js
FN:4,(anonymous_0)
FN:17,(anonymous_1)
FN:32,(anonymous_2)
FN:43,(anonymous_3)
FNF:4
FNH:4
FNDA:5,(anonymous_0)
FNDA:1,(anonymous_1)
FNDA:1,(anonymous_2)
FNDA:3,(anonymous_3)
DA:1,2
DA:4,2
DA:5,5
DA:10,5
DA:11,1
DA:14,4
DA:17,2
DA:19,1
DA:21,1
DA:23,1
DA:29,1
DA:32,2
DA:34,1
DA:36,1
DA:40,1
DA:43,2
DA:45,3
DA:47,2
DA:51,2
DA:54,2
LF:20
LH:20
BRDA:10,0,0,1
BRDA:10,0,1,4
BRF:2
BRH:2
end_of_record
