TN:
SF:server.js
FN:28,(anonymous_0)
FN:40,(anonymous_1)
FN:76,(anonymous_2)
FN:142,(anonymous_3)
FN:154,(anonymous_4)
FNF:5
FNH:1
FNDA:1,(anonymous_0)
FNDA:0,(anonymous_1)
FNDA:0,(anonymous_2)
FNDA:0,(anonymous_3)
FNDA:0,(anonymous_4)
DA:1,2
DA:2,2
DA:3,2
DA:4,2
DA:9,2
DA:14,2
DA:15,2
DA:16,2
DA:18,2
DA:21,2
DA:22,2
DA:23,2
DA:28,2
DA:29,1
DA:30,1
DA:31,1
DA:33,0
DA:40,2
DA:41,0
DA:43,0
DA:44,0
DA:47,0
DA:48,0
DA:50,0
DA:51,0
DA:57,0
DA:59,0
DA:66,2
DA:71,2
DA:76,2
DA:78,0
DA:79,0
DA:82,0
DA:84,0
DA:94,0
DA:107,0
DA:125,0
DA:133,0
DA:135,0
DA:142,2
DA:143,0
DA:144,0
DA:150,2
DA:153,2
DA:154,0
DA:155,0
DA:156,0
DA:160,2
LF:48
LH:24
BRDA:43,0,0,0
BRDA:43,0,1,0
BRDA:43,1,0,0
BRDA:43,1,1,0
BRDA:50,2,0,0
BRDA:50,2,1,0
BRDA:78,3,0,0
BRDA:78,3,1,0
BRDA:144,4,0,0
BRDA:144,4,1,0
BRDA:150,5,0,2
BRDA:150,5,1,0
BRDA:153,6,0,0
BRDA:153,6,1,2
BRDA:156,7,0,0
BRDA:156,7,1,0
BRF:16
BRH:2
end_of_record
TN:
SF:controllers/analysisController.js
FN:3,(anonymous_0)
FN:41,(anonymous_1)
FN:59,(anonymous_2)
FN:74,(anonymous_3)
FN:102,(anonymous_4)
FN:117,(anonymous_5)
FN:134,(anonymous_6)
FN:146,(anonymous_7)
FN:163,(anonymous_8)
FNF:9
FNH:1
FNDA:0,(anonymous_0)
FNDA:0,(anonymous_1)
FNDA:0,(anonymous_2)
FNDA:0,(anonymous_3)
FNDA:0,(anonymous_4)
FNDA:0,(anonymous_5)
FNDA:0,(anonymous_6)
FNDA:0,(anonymous_7)
FNDA:5,(anonymous_8)
DA:1,2
DA:3,2
DA:14,0
DA:15,0
DA:17,0
DA:18,0
DA:23,0
DA:24,0
DA:35,0
DA:37,0
DA:41,2
DA:42,0
DA:43,0
DA:45,0
DA:46,0
DA:53,0
DA:55,0
DA:59,2
DA:60,0
DA:61,0
DA:63,0
DA:64,0
DA:65,0
DA:66,0
DA:68,0
DA:70,0
DA:74,2
DA:75,0
DA:76,0
DA:77,0
DA:79,0
DA:80,0
DA:83,0
DA:84,0
DA:92,0
DA:93,0
DA:96,0
DA:98,0
DA:102,2
DA:103,0
DA:104,0
DA:106,0
DA:107,0
DA:108,0
DA:109,0
DA:111,0
DA:113,0
DA:117,2
DA:118,0
DA:119,0
DA:120,0
DA:122,0
DA:123,0
DA:126,0
DA:127,0
DA:128,0
DA:130,0
DA:134,2
DA:135,0
DA:136,0
DA:138,0
DA:139,0
DA:140,0
DA:142,0
DA:146,2
DA:147,0
DA:148,0
DA:149,0
DA:151,0
DA:152,0
DA:155,0
DA:156,0
DA:157,0
DA:159,0
DA:163,2
DA:164,5
DA:166,5
DA:167,1
DA:170,4
DA:171,1
DA:174,3
DA:175,1
DA:178,2
DA:179,2
DA:180,2
DA:186,2
DA:189,2
LF:87
LH:22
BRDA:17,0,0,0
BRDA:17,0,1,0
BRDA:17,1,0,0
BRDA:17,1,1,0
BRDA:17,1,2,0
BRDA:43,2,0,0
BRDA:43,3,0,0
BRDA:65,4,0,0
BRDA:65,4,1,0
BRDA:79,5,0,0
BRDA:79,5,1,0
BRDA:79,6,0,0
BRDA:79,6,1,0
BRDA:79,6,2,0
BRDA:79,6,3,0
BRDA:79,6,4,0
BRDA:92,7,0,0
BRDA:92,7,1,0
BRDA:108,8,0,0
BRDA:108,8,1,0
BRDA:120,9,0,0
BRDA:120,9,1,0
BRDA:122,10,0,0
BRDA:122,10,1,0
BRDA:122,11,0,0
BRDA:122,11,1,0
BRDA:122,11,2,0
BRDA:148,12,0,0
BRDA:151,13,0,0
BRDA:151,13,1,0
BRDA:151,14,0,0
BRDA:151,14,1,0
BRDA:151,14,2,0
BRDA:166,15,0,1
BRDA:166,15,1,4
BRDA:166,16,0,5
BRDA:166,16,1,4
BRDA:166,16,2,4
BRDA:166,16,3,4
BRDA:166,16,4,4
BRDA:170,17,0,1
BRDA:170,17,1,3
BRDA:170,18,0,4
BRDA:170,18,1,4
BRDA:174,19,0,1
BRDA:174,19,1,2
BRDA:174,20,0,3
BRDA:174,20,1,2
BRF:48
BRH:15
end_of_record
TN:
SF:controllers/farmController.js
FN:3,(anonymous_0)
FN:35,(anonymous_1)
FN:46,(anonymous_2)
FNF:3
FNH:3
FNDA:3,(anonymous_0)
FNDA:1,(anonymous_1)
FNDA:2,(anonymous_2)
DA:1,2
DA:3,2
DA:4,3
DA:5,3
DA:8,3
DA:9,1
DA:14,2
DA:15,0
DA:18,2
DA:19,1
DA:22,1
DA:23,1
DA:29,1
DA:31,0
DA:35,2
DA:36,1
DA:38,1
DA:39,1
DA:40,1
DA:42,0
DA:46,2
DA:47,2
DA:48,2
DA:50,2
DA:51,2
DA:52,2
DA:53,1
DA:55,1
DA:57,0
DA:61,2
LF:30
LH:26
BRDA:8,0,0,1
BRDA:8,0,1,2
BRDA:8,1,0,3
BRDA:8,1,1,3
BRDA:8,1,2,2
BRDA:8,1,3,2
BRDA:14,2,0,0
BRDA:14,2,1,2
BRDA:14,3,0,2
BRDA:14,3,1,2
BRDA:18,4,0,1
BRDA:18,4,1,1
BRDA:18,5,0,2
BRDA:18,5,1,2
BRDA:18,5,2,1
BRDA:18,5,3,1
BRDA:52,6,0,1
BRDA:52,6,1,1
BRF:18
BRH:17
end_of_record
TN:
SF:routes/analyses.js
FN:26,(anonymous_0)
FNF:1
FNH:0
FNDA:0,(anonymous_0)
DA:1,2
DA:11,2
DA:12,2
DA:14,2
DA:20,2
DA:25,2
DA:26,2
DA:27,0
DA:28,0
DA:32,2
DA:33,2
DA:34,2
DA:35,2
DA:38,2
DA:39,2
DA:40,2
DA:42,2
LF:17
LH:15
BRF:0
BRH:0
end_of_record
TN:
SF:routes/farms.js
FN:8,(anonymous_0)
FNF:1
FNH:1
FNDA:6,(anonymous_0)
DA:1,2
DA:2,2
DA:3,2
DA:5,2
DA:7,2
DA:8,2
DA:9,6
DA:10,6
DA:13,2
DA:14,2
DA:15,2
DA:17,2
LF:12
LH:12
BRF:0
BRH:0
end_of_record
TN:
SF:services/analysisService.js
FN:32,(anonymous_0)
FN:38,(anonymous_1)
FN:65,(anonymous_2)
FN:68,(anonymous_3)
FN:74,(anonymous_4)
FN:91,(anonymous_5)
FN:123,(anonymous_6)
FN:147,(anonymous_7)
FN:155,(anonymous_8)
FN:168,(anonymous_9)
FN:180,(anonymous_10)
FN:203,(anonymous_11)
FN:226,(anonymous_12)
FNF:13
FNH:5
FNDA:2,(anonymous_0)
FNDA:5,(anonymous_1)
FNDA:2,(anonymous_2)
FNDA:5,(anonymous_3)
FNDA:5,(anonymous_4)
FNDA:0,(anonymous_5)
FNDA:0,(anonymous_6)
FNDA:0,(anonymous_7)
FNDA:0,(anonymous_8)
FNDA:0,(anonymous_9)
FNDA:0,(anonymous_10)
FNDA:0,(anonymous_11)
FNDA:0,(anonymous_12)
DA:1,2
DA:4,2
DA:11,2
DA:23,2
DA:24,2
DA:25,2
DA:26,2
DA:32,2
DA:33,2
DA:34,2
DA:35,2
DA:38,2
DA:39,5
DA:41,5
DA:42,0
DA:51,5
DA:52,5
DA:53,5
DA:54,5
DA:56,5
DA:65,2
DA:66,2
DA:68,2
DA:69,5
DA:72,2
DA:73,2
DA:74,5
DA:78,2
DA:84,2
DA:91,2
DA:101,0
DA:103,0
DA:120,0
DA:123,2
DA:124,0
DA:125,0
DA:126,0
DA:128,0
DA:129,0
DA:130,0
DA:131,0
DA:134,0
DA:135,0
DA:136,0
DA:137,0
DA:140,0
DA:141,0
DA:143,0
DA:144,0
DA:147,2
DA:148,0
DA:152,0
DA:155,2
DA:156,0
DA:158,0
DA:165,0
DA:168,2
DA:169,0
DA:173,0
DA:180,2
DA:181,0
DA:190,0
DA:192,0
DA:193,0
DA:194,0
DA:197,0
DA:199,0
DA:200,0
DA:203,2
DA:204,0
DA:215,0
DA:217,0
DA:218,0
DA:219,0
DA:222,0
DA:223,0
DA:226,2
DA:228,0
DA:241,0
DA:242,0
DA:245,0
DA:257,0
DA:258,0
DA:261,0
DA:274,0
DA:275,0
DA:277,0
DA:292,2
LF:88
LH:37
BRDA:33,0,0,2
BRDA:33,0,1,0
BRDA:34,1,0,2
BRDA:34,1,1,0
BRDA:41,2,0,0
BRDA:41,2,1,5
BRDA:74,3,0,5
BRDA:74,3,1,0
BRDA:123,4,0,0
BRDA:123,5,0,0
BRDA:123,6,0,0
BRDA:123,7,0,0
BRDA:128,8,0,0
BRDA:128,8,1,0
BRDA:134,9,0,0
BRDA:134,9,1,0
BRDA:180,10,0,0
BRDA:180,11,0,0
BRDA:192,12,0,0
BRDA:192,12,1,0
BRDA:203,13,0,0
BRDA:217,14,0,0
BRDA:217,14,1,0
BRDA:226,15,0,0
BRDA:226,16,0,0
BRDA:238,17,0,0
BRDA:238,17,1,0
BRDA:252,18,0,0
BRDA:252,18,1,0
BRDA:271,19,0,0
BRDA:271,19,1,0
BRDA:278,20,0,0
BRDA:278,20,1,0
BRF:33
BRH:4
end_of_record
TN:
SF:services/farmService.js
FN:3,(anonymous_0)
FN:15,(anonymous_1)
FN:23,(anonymous_2)
FNF:3
FNH:3
FNDA:1,(anonymous_0)
FNDA:1,(anonymous_1)
FNDA:2,(anonymous_2)
DA:1,2
DA:3,2
DA:4,1
DA:6,1
DA:12,1
DA:15,2
DA:16,1
DA:20,1
DA:23,2
DA:24,2
DA:28,2
DA:31,2
LF:12
LH:12
BRF:0
BRH:0
end_of_record
